[2024-10-25 09:46:54] [General - Main] [INFO] Starting PhotonVision version v2025.1.1 on platform Linux AARCH 64-bit with RK3588
[2024-10-25 09:46:54] [General - Main] [INFO] PhotonVision image version: v2025.0.3;opi5
[2024-10-25 09:46:57] [General - Main] [INFO] WPI JNI libraries loaded.
[2024-10-25 09:46:58] [General - Main] [INFO] photon-targeting JNI libraries loaded.
[2024-10-25 09:46:58] [Camera - RknnDetectorJNI] [INFO] Successfully loaded shared object librga.so
[2024-10-25 09:46:58] [Camera - RknnDetectorJNI] [INFO] Successfully loaded shared object librknnrt.so
[2024-10-25 09:46:58] [Camera - RknnDetectorJNI] [INFO] Successfully loaded shared object librknn_jni.so
[2024-10-25 09:46:58] [Camera - RknnDetectorJNI] [INFO] Successfully loaded shared object libmrcal_jni.so
[2024-10-25 09:46:58] [General - Main] [INFO] Logging initialized in debug mode.
[2024-10-25 09:46:58] [General - Main] [DEBUG] Loading ConfigManager...
[2024-10-25 09:46:58] [Config - SqlConfigProvider] [DEBUG] Using database /opt/photonvision/photonvision_config/photon.sqlite
[2024-10-25 09:46:59] [Config - SqlConfigProvider] [INFO] Using correct database version: 2
[2024-10-25 09:46:59] [Config - SqlConfigProvider] [DEBUG] Loading config...
[2024-10-25 09:46:59] [Config - SqlConfigProvider] [ERROR] Could not deserialize apriltag layout! Loading defaults: Provided empty string for class edu.wpi.first.apriltag.AprilTagFieldLayout
[2024-10-25 09:46:59] [Config - SqlConfigProvider] [ERROR] org.eclipse.jetty.io.EofException: Provided empty string for class edu.wpi.first.apriltag.AprilTagFieldLayout
	at org.photonvision.common.util.file.JacksonUtils.deserialize(JacksonUtils.java:81)
	at org.photonvision.common.configuration.SqlConfigProvider.load(SqlConfigProvider.java:296)
	at org.photonvision.common.configuration.ConfigManager.load(ConfigManager.java:192)
	at org.photonvision.Main.main(Main.java:267)

[2024-10-25 09:46:59] [General - KernelLogLogger] [DEBUG] 2024-10-25T09:46:58.875818+00:00 photonvision kernel: rk_gmac-dwmac fe1c0000.ethernet end1: Link is Up - 100Mbps/Full - flow control rx/tx
[2024-10-25 09:46:59] [General - KernelLogLogger] [DEBUG] 2024-10-25T09:46:58.875879+00:00 photonvision kernel: IPv6: ADDRCONF(NETDEV_CHANGE): end1: link becomes ready
[2024-10-25 09:46:59] [General - KernelLogLogger] [DEBUG] 2024-10-25T09:46:59.649246+00:00 photonvision kernel: platform mtd_vendor_storage: deferred probe pending
[2024-10-25 09:46:59] [General - Main] [INFO] Loading ML models...
[2024-10-25 09:46:59] [Config - NeuralNetworkModelManager] [INFO] Skipping extraction of DNN resource: models/note-640-640-yolov5s.rknn
[2024-10-25 09:46:59] [Config - NeuralNetworkModelManager] [INFO] Skipping extraction of DNN resource: models/note-640-640-yolov5s-labels.txt
[2024-10-25 09:46:59] [Config - NeuralNetworkModelManager] [INFO] Supported backends: [RKNN]
[2024-10-25 09:46:59] [Config - NeuralNetworkModelManager] [INFO] Loaded model note-640-640-yolov5s.rknn for backend RKNN
[2024-10-25 09:46:59] [General - Main] [DEBUG] Loading HardwareManager...
[2024-10-25 09:46:59] [NetworkTables - TimeSyncManager] [DEBUG] Starting TimeSyncClient on localhost (for now)
[2024-10-25 09:46:59] [General - Main] [DEBUG] Loading NetworkManager...
[2024-10-25 09:46:59] [General - ShellExec] [DEBUG] Executing "id -u"
[2024-10-25 09:46:59] [General - ShellExec] [DEBUG] Got exit code 0
[2024-10-25 09:46:59] [General - ShellExec] [DEBUG] Executing "nmcli -t -f GENERAL.CONNECTION,GENERAL.DEVICE,GENERAL.TYPE device show"
[2024-10-25 09:46:59] [General - ShellExec] [DEBUG] Got exit code 0
[2024-10-25 09:46:59] [General - NetworkUtils] [DEBUG] Found network interfaces: [NMDeviceInfo [connName=static-end1, devName=end1, nmType=NMTYPE_ETHERNET]]
[2024-10-25 09:46:59] [General - NetworkManager] [DEBUG] Watching network interface at path: /sys/class/net/end1/carrier
[2024-10-25 09:46:59] [General - NetworkManager] [INFO] Setting STATIC with team 1736 on end1
[2024-10-25 09:46:59] [General - ShellExec] [DEBUG] Executing "cat /etc/hostname | tr -d " \t\n\r""
[2024-10-25 09:46:59] [General - NetworkManager] [INFO] Interface end1 has address(es): [/10.17.36.15/8 [/10.255.255.255]]
[2024-10-25 09:46:59] [General - ShellExec] [DEBUG] Got exit code 0
[2024-10-25 09:46:59] [General - NetworkManager] [DEBUG] Old host name: "photonvision"
[2024-10-25 09:46:59] [General - NetworkManager] [DEBUG] New host name: "photonvision"
[2024-10-25 09:47:00] [General - NetworkManager] [INFO] Updating the Static connection static-end1
[2024-10-25 09:47:00] [General - ShellExec] [DEBUG] Executing "nmcli connection modify static-end1 autoconnect yes ipv4.method manual ipv6.method disabled ipv4.addresses 10.17.36.15/8 ipv4.gateway 10.17.36.1 "
[2024-10-25 09:47:00] [General - ShellExec] [DEBUG] Got exit code 0
[2024-10-25 09:47:00] [General - NetworkManager] [INFO] Activating the Static connection static-end1
[2024-10-25 09:47:00] [General - ShellExec] [DEBUG] Executing "nmcli connection up "static-end1""
[2024-10-25 09:47:00] [General - ShellExec] [DEBUG] Got exit code 0
[2024-10-25 09:47:00] [General - Main] [DEBUG] Loading NetworkTablesManager...
[2024-10-25 09:47:00] [NetworkTables - NetworkTablesManager] [INFO] Starting NT Client, server team is 1736
[2024-10-25 09:47:00] [NetworkTables - NetworkTablesManager] [INFO] NT: INFO 20: starting network client (NetworkClient.cpp:46)
[2024-10-25 09:47:00] [NetworkTables - NetworkTablesManager] [INFO] Starting NT Client, server team is 1736
[2024-10-25 09:47:00] [General - Main] [DEBUG] Loading VisionSourceManager...
[2024-10-25 09:47:00] [NetworkTables - NetworkTablesManager] [ERROR] [NetworkTablesManager] Could not connect to the robot! Will retry in the background...
[2024-10-25 09:47:00] [Camera - VisionSourceManager] [INFO] Registering loaded camera configs
[2024-10-25 09:47:00] [Camera - VisionSourceManager] [DEBUG] Creating VisionSource for CameraConfiguration [uniqueName=3b4a42f3-57f7-49b3-a4c5-266a62aada95, matchedCameraInfo=PVUsbCameraInfo[type=UsbCamera, dev=0, path='/dev/video0', name='ACAM4', otherPaths=[/dev/v4l/by-id/usb-Arducam_Technology_Co.__Ltd._ACAM4_1736.4-video-index0, /dev/v4l/by-path/platform-fc880000.usb-usbv2-0:1:1.0-video-index0, /dev/v4l/by-path/platform-fc880000.usb-usb-0:1:1.0-video-index0], vid=3141, pid=25446, uniquePath='/dev/v4l/by-path/platform-fc880000.usb-usb-0:1:1.0-video-index0'], nickname=ACAM2, deactivated=false, cameraQuirks=QuirkyCamera [baseName=ACAM4, displayName=, usbVid=3141, usbPid=25446, quirks={AwbRedBlueGain=false, AdjustableFocus=false, FPSCap100=false, InnoOV9281Controls=false, PsEyeControls=false, ArduOV2311Controls=false, LifeCamControls=false, ArduOV9782=false, CompletelyBroken=false, See3Cam_24CUG=false, StickyFPS=true, Gain=true, ArduCamCamera=true, ArduOV9782Controls=true, ArduOV9281Controls=false}], FOV=70.0]
[2024-10-25 09:47:01] [Camera - USBCameraSource - ACAM2] [INFO] Quirky camera detected: QuirkyCamera [baseName=ACAM4, displayName=, usbVid=3141, usbPid=25446, quirks={AwbRedBlueGain=false, AdjustableFocus=false, FPSCap100=false, InnoOV9281Controls=false, PsEyeControls=false, ArduOV2311Controls=false, LifeCamControls=false, ArduOV9782=false, CompletelyBroken=false, See3Cam_24CUG=false, StickyFPS=true, Gain=true, ArduCamCamera=true, ArduOV9782Controls=true, ArduOV9281Controls=false}]
[2024-10-25 09:47:01] [CSCore - PvCSCoreLogger] [INFO] ACAM2: Attempting to connect to USB camera on /dev/v4l/by-path/platform-fc880000.usb-usb-0:1:1.0-video-index0
[2024-10-25 09:47:01] [Camera - USBCameraSource - ACAM2] [DEBUG] Using Arducam OV9782 Settables
[2024-10-25 09:47:01] [CSCore - PvCSCoreLogger] [DEBUG] CS: DEBUG 7: ACAM2: opening device (UsbCameraImpl.cpp:651)
[2024-10-25 09:47:01] [Camera - USBCameraSource - ACAM2] [INFO] Created settables org.photonvision.vision.camera.USBCameras.ArduOV9782CameraSettables@d2de489
[2024-10-25 09:47:01] [VisionModule - PipelineManager] [DEBUG] Creating AprilTag pipeline
[2024-10-25 09:47:01] [CSCore - PvCSCoreLogger] [INFO] ACAM2: Connected to USB camera on /dev/v4l/by-path/platform-fc880000.usb-usb-0:1:1.0-video-index0
[2024-10-25 09:47:01] [CSCore - PvCSCoreLogger] [DEBUG] CS: DEBUG 7: ACAM2: getting capabilities (UsbCameraImpl.cpp:663)
[2024-10-25 09:47:01] [CSCore - PvCSCoreLogger] [DEBUG] CS: DEBUG 7: ACAM2: caching properties (UsbCameraImpl.cpp:675)
[2024-10-25 09:47:01] [Config - ConfigManager] [DEBUG] Saving to disk...
[2024-10-25 09:47:01] [Config - SqlConfigProvider] [DEBUG] Saving to disk
[2024-10-25 09:47:01] [CSCore - PvCSCoreLogger] [INFO] ACAM2: set format 1 res 320x240
[2024-10-25 09:47:01] [CSCore - PvCSCoreLogger] [DEBUG] CS: DEBUG 7: ACAM2: allocating buffers (UsbCameraImpl.cpp:701)
[2024-10-25 09:47:01] [CSCore - PvCSCoreLogger] [DEBUG] CS: DEBUG 7: ACAM2: mapping buffers (UsbCameraImpl.cpp:715)
[2024-10-25 09:47:01] [CSCore - PvCSCoreLogger] [DEBUG] CS: DEBUG 7: ACAM2: queuing buffers (UsbCameraImpl.cpp:765)
[2024-10-25 09:47:01] [WebServer - DataChangeService] [DEBUG] Added subscriber - Sources: DCS_WEBSOCKET, DCS_HTTP, DCS_NETWORKTABLES, DCS_VISIONMODULE, DCS_OTHER, Destinations: DCD_ACTIVEMODULE, DCD_ACTIVEPIPELINESETTINGS, DCD_GENSETTINGS, DCD_UI, DCD_WEBSERVER, DCD_OTHER
[2024-10-25 09:47:01] [CSCore - PvCSCoreLogger] [DEBUG] CS: DEBUG 10: serve_photonvision_Port_1181_Input_MJPEG_Server: waiting for clients to connect (MjpegServerImpl.cpp:946)
[2024-10-25 09:47:01] [CSCore - PvCSCoreLogger] [DEBUG] CS: DEBUG 10: serve_photonvision_Port_1182_Output_MJPEG_Server: waiting for clients to connect (MjpegServerImpl.cpp:946)
[2024-10-25 09:47:01] [Config - SqlConfigProvider] [INFO] Settings saved!
[2024-10-25 09:47:01] [VisionModule - VisionModule - ACAM2] [INFO] Setting pipeline to 0
[2024-10-25 09:47:01] [VisionModule - VisionModule - ACAM2] [INFO] Pipeline name: New Pipeline
[2024-10-25 09:47:01] [Camera - VisionSourceManager] [DEBUG] Creating VisionSource for CameraConfiguration [uniqueName=f2a3434b-e18e-4fed-8027-b836e973bde0, matchedCameraInfo=PVUsbCameraInfo[type=UsbCamera, dev=2, path='/dev/video2', name='ACAM1', otherPaths=[/dev/v4l/by-id/usb-Arducam_Technology_Co.__Ltd._ACAM1_1736.1-video-index0, /dev/v4l/by-path/platform-fc800000.usb-usbv2-0:1:1.0-video-index0, /dev/v4l/by-path/platform-fc800000.usb-usb-0:1:1.0-video-index0], vid=3141, pid=25446, uniquePath='/dev/v4l/by-path/platform-fc800000.usb-usb-0:1:1.0-video-index0'], nickname=ACAM3, deactivated=false, cameraQuirks=QuirkyCamera [baseName=ACAM1, displayName=, usbVid=3141, usbPid=25446, quirks={AwbRedBlueGain=false, AdjustableFocus=false, FPSCap100=false, InnoOV9281Controls=false, PsEyeControls=false, ArduOV2311Controls=false, LifeCamControls=false, ArduOV9782=false, CompletelyBroken=false, See3Cam_24CUG=false, StickyFPS=true, Gain=true, ArduCamCamera=true, ArduOV9782Controls=true, ArduOV9281Controls=false}], FOV=70.0]
[2024-10-25 09:47:01] [Camera - USBFrameProvider - ACAM2] [INFO] Camera connected! running callback
[2024-10-25 09:47:01] [CSCore - PvCSCoreLogger] [INFO] ACAM3: Attempting to connect to USB camera on /dev/v4l/by-path/platform-fc800000.usb-usb-0:1:1.0-video-index0
[2024-10-25 09:47:01] [CSCore - PvCSCoreLogger] [DEBUG] CS: DEBUG 7: ACAM3: opening device (UsbCameraImpl.cpp:651)
[2024-10-25 09:47:01] [Camera - USBCameraSource - ACAM2] [DEBUG] Cam Properties Dump:
Name: connect_verbose, Kind: kInteger, Value: 2, Min: 0, Max: 1, Dflt: 1, Step: 1
Name: , Kind: kNone, Value: 0, Min: 0, Max: 0, Dflt: 0, Step: 0
Name: raw_brightness, Kind: kInteger, Value: 2, Min: -64, Max: 64, Dflt: 0, Step: 1
Name: brightness, Kind: kInteger, Value: 2, Min: 0, Max: 100, Dflt: 50, Step: 1
Name: raw_contrast, Kind: kInteger, Value: 2, Min: 0, Max: 64, Dflt: 32, Step: 1
Name: contrast, Kind: kInteger, Value: 2, Min: 0, Max: 100, Dflt: 50, Step: 1
Name: raw_saturation, Kind: kInteger, Value: 2, Min: 0, Max: 128, Dflt: 90, Step: 1
Name: saturation, Kind: kInteger, Value: 2, Min: 0, Max: 100, Dflt: 70, Step: 1
Name: raw_hue, Kind: kInteger, Value: 2, Min: -40, Max: 40, Dflt: 0, Step: 1
Name: hue, Kind: kInteger, Value: 2, Min: 0, Max: 100, Dflt: 50, Step: 1
Name: white_balance_automatic, Kind: kBoolean, Value: 1, Min: 0, Max: 1, Dflt: 1, Step: 1
Name: gamma, Kind: kInteger, Value: 2, Min: 72, Max: 500, Dflt: 100, Step: 1
Name: raw_gain, Kind: kInteger, Value: 2, Min: 0, Max: 100, Dflt: 0, Step: 1
Name: gain, Kind: kInteger, Value: 2, Min: 0, Max: 100, Dflt: 0, Step: 1
Name: power_line_frequency, Kind: kEnum, Value: 8, Min: 0, Max: 2, Dflt: 2, Step: 1
Name: white_balance_temperature, Kind: kInteger, Value: 2, Min: 2800, Max: 6500, Dflt: 4600, Step: 1
Name: raw_sharpness, Kind: kInteger, Value: 2, Min: 0, Max: 6, Dflt: 3, Step: 1
Name: sharpness, Kind: kInteger, Value: 2, Min: 0, Max: 100, Dflt: 50, Step: 1
Name: backlight_compensation, Kind: kInteger, Value: 2, Min: 0, Max: 2, Dflt: 1, Step: 1
Name: auto_exposure, Kind: kEnum, Value: 8, Min: 0, Max: 3, Dflt: 3, Step: 1
Name: raw_exposure_time_absolute, Kind: kInteger, Value: 2, Min: 1, Max: 5000, Dflt: 157, Step: 1
Name: exposure_time_absolute, Kind: kInteger, Value: 2, Min: 0, Max: 100, Dflt: 3, Step: 1
Name: exposure_dynamic_framerate, Kind: kBoolean, Value: 1, Min: 0, Max: 1, Dflt: 0, Step: 1

[2024-10-25 09:47:01] [VisionModule - VisionSourceSettables - ACAM2] [INFO] Caching cscore properties
[2024-10-25 09:47:01] [Camera - USBCameraSource - ACAM3] [INFO] Quirky camera detected: QuirkyCamera [baseName=ACAM1, displayName=, usbVid=3141, usbPid=25446, quirks={AwbRedBlueGain=false, AdjustableFocus=false, FPSCap100=false, InnoOV9281Controls=false, PsEyeControls=false, ArduOV2311Controls=false, LifeCamControls=false, ArduOV9782=false, CompletelyBroken=false, See3Cam_24CUG=false, StickyFPS=true, Gain=true, ArduCamCamera=true, ArduOV9782Controls=true, ArduOV9281Controls=false}]
[2024-10-25 09:47:01] [Camera - USBCameraSource - ACAM3] [DEBUG] Using Arducam OV9782 Settables
[2024-10-25 09:47:01] [Camera - USBCameraSource - ACAM3] [INFO] Created settables org.photonvision.vision.camera.USBCameras.ArduOV9782CameraSettables@5ddcc487
[2024-10-25 09:47:01] [CSCore - PvCSCoreLogger] [INFO] ACAM3: Connected to USB camera on /dev/v4l/by-path/platform-fc800000.usb-usb-0:1:1.0-video-index0
[2024-10-25 09:47:01] [CSCore - PvCSCoreLogger] [DEBUG] CS: DEBUG 7: ACAM3: getting capabilities (UsbCameraImpl.cpp:663)
[2024-10-25 09:47:01] [CSCore - PvCSCoreLogger] [DEBUG] CS: DEBUG 7: ACAM3: caching properties (UsbCameraImpl.cpp:675)
[2024-10-25 09:47:01] [CSCore - PvCSCoreLogger] [INFO] ACAM3: set format 1 res 320x240
[2024-10-25 09:47:01] [CSCore - PvCSCoreLogger] [DEBUG] CS: DEBUG 7: ACAM3: allocating buffers (UsbCameraImpl.cpp:701)
[2024-10-25 09:47:01] [CSCore - PvCSCoreLogger] [DEBUG] CS: DEBUG 7: ACAM3: mapping buffers (UsbCameraImpl.cpp:715)
[2024-10-25 09:47:01] [VisionModule - PipelineManager] [DEBUG] Creating AprilTag pipeline
[2024-10-25 09:47:01] [CSCore - PvCSCoreLogger] [DEBUG] CS: DEBUG 7: ACAM3: queuing buffers (UsbCameraImpl.cpp:765)
[2024-10-25 09:47:01] [WebServer - DataChangeService] [DEBUG] Added subscriber - Sources: DCS_WEBSOCKET, DCS_HTTP, DCS_NETWORKTABLES, DCS_VISIONMODULE, DCS_OTHER, Destinations: DCD_ACTIVEMODULE, DCD_ACTIVEPIPELINESETTINGS, DCD_GENSETTINGS, DCD_UI, DCD_WEBSERVER, DCD_OTHER
[2024-10-25 09:47:01] [CSCore - PvCSCoreLogger] [DEBUG] CS: DEBUG 10: serve_photonvision_Port_1183_Input_MJPEG_Server: waiting for clients to connect (MjpegServerImpl.cpp:946)
[2024-10-25 09:47:01] [CSCore - PvCSCoreLogger] [DEBUG] CS: DEBUG 10: serve_photonvision_Port_1184_Output_MJPEG_Server: waiting for clients to connect (MjpegServerImpl.cpp:946)
[2024-10-25 09:47:01] [VisionModule - VisionModule - ACAM3] [INFO] Setting pipeline to 0
[2024-10-25 09:47:01] [VisionModule - VisionModule - ACAM3] [INFO] Pipeline name: New Pipeline
[2024-10-25 09:47:01] [Camera - USBFrameProvider - ACAM3] [INFO] Camera connected! running callback
[2024-10-25 09:47:01] [Camera - USBCameraSource - ACAM3] [DEBUG] Cam Properties Dump:
Name: connect_verbose, Kind: kInteger, Value: 2, Min: 0, Max: 1, Dflt: 1, Step: 1
Name: , Kind: kNone, Value: 0, Min: 0, Max: 0, Dflt: 0, Step: 0
Name: raw_brightness, Kind: kInteger, Value: 2, Min: -64, Max: 64, Dflt: 0, Step: 1
Name: brightness, Kind: kInteger, Value: 2, Min: 0, Max: 100, Dflt: 50, Step: 1
Name: raw_contrast, Kind: kInteger, Value: 2, Min: 0, Max: 64, Dflt: 32, Step: 1
Name: contrast, Kind: kInteger, Value: 2, Min: 0, Max: 100, Dflt: 50, Step: 1
Name: raw_saturation, Kind: kInteger, Value: 2, Min: 0, Max: 128, Dflt: 90, Step: 1
Name: saturation, Kind: kInteger, Value: 2, Min: 0, Max: 100, Dflt: 70, Step: 1
Name: raw_hue, Kind: kInteger, Value: 2, Min: -40, Max: 40, Dflt: 0, Step: 1
Name: hue, Kind: kInteger, Value: 2, Min: 0, Max: 100, Dflt: 50, Step: 1
Name: white_balance_automatic, Kind: kBoolean, Value: 1, Min: 0, Max: 1, Dflt: 1, Step: 1
Name: gamma, Kind: kInteger, Value: 2, Min: 72, Max: 500, Dflt: 100, Step: 1
Name: raw_gain, Kind: kInteger, Value: 2, Min: 0, Max: 100, Dflt: 0, Step: 1
Name: gain, Kind: kInteger, Value: 2, Min: 0, Max: 100, Dflt: 0, Step: 1
Name: power_line_frequency, Kind: kEnum, Value: 8, Min: 0, Max: 2, Dflt: 2, Step: 1
Name: white_balance_temperature, Kind: kInteger, Value: 2, Min: 2800, Max: 6500, Dflt: 4600, Step: 1
Name: raw_sharpness, Kind: kInteger, Value: 2, Min: 0, Max: 6, Dflt: 3, Step: 1
Name: sharpness, Kind: kInteger, Value: 2, Min: 0, Max: 100, Dflt: 50, Step: 1
Name: backlight_compensation, Kind: kInteger, Value: 2, Min: 0, Max: 2, Dflt: 1, Step: 1
Name: auto_exposure, Kind: kEnum, Value: 8, Min: 0, Max: 3, Dflt: 3, Step: 1
Name: raw_exposure_time_absolute, Kind: kInteger, Value: 2, Min: 1, Max: 5000, Dflt: 157, Step: 1
Name: exposure_time_absolute, Kind: kInteger, Value: 2, Min: 0, Max: 100, Dflt: 3, Step: 1
Name: exposure_dynamic_framerate, Kind: kBoolean, Value: 1, Min: 0, Max: 1, Dflt: 0, Step: 1

[2024-10-25 09:47:01] [VisionModule - VisionSourceSettables - ACAM3] [INFO] Caching cscore properties
[2024-10-25 09:47:01] [Camera - VisionSourceManager] [INFO] Finished registering loaded camera configs! Started 2 active VisionModules, with 2 disabled VisionModules
[2024-10-25 09:47:01] [General - Main] [INFO] Starting server...
[2024-10-25 09:47:01] [WebServer - DataChangeService] [DEBUG] Added subscriber - Sources: DCS_WEBSOCKET, DCS_HTTP, DCS_NETWORKTABLES, DCS_VISIONMODULE, DCS_OTHER, Destinations: DCD_WEBSERVER
[2024-10-25 09:47:01] [VisionModule - VisionSourceSettables - ACAM2] [DEBUG] No property exposure_metering_mode for ACAM2 , skipping.
[2024-10-25 09:47:01] [VisionModule - VisionSourceSettables - ACAM2] [INFO] Setting video mode to FPS: 15 Width: 1280 Height: 720 Pixel Format: kMJPEG
[2024-10-25 09:47:02] [CSCore - PvCSCoreLogger] [INFO] ACAM2: Attempting to connect to USB camera on /dev/v4l/by-path/platform-fc880000.usb-usb-0:1:1.0-video-index0
[2024-10-25 09:47:02] [CSCore - PvCSCoreLogger] [DEBUG] CS: DEBUG 7: ACAM2: opening device (UsbCameraImpl.cpp:651)
[2024-10-25 09:47:02] [CSCore - PvCSCoreLogger] [INFO] ACAM2: Connected to USB camera on /dev/v4l/by-path/platform-fc880000.usb-usb-0:1:1.0-video-index0
[2024-10-25 09:47:02] [CSCore - PvCSCoreLogger] [DEBUG] CS: DEBUG 7: ACAM2: getting capabilities (UsbCameraImpl.cpp:663)
[2024-10-25 09:47:02] [CSCore - PvCSCoreLogger] [DEBUG] CS: DEBUG 7: ACAM2: restoring video mode (UsbCameraImpl.cpp:681)
[2024-10-25 09:47:02] [WebServer - DataChangeService] [DEBUG] Added subscriber - Sources: DCS_WEBSOCKET, DCS_HTTP, DCS_NETWORKTABLES, DCS_VISIONMODULE, DCS_OTHER, Destinations: DCD_UI
[2024-10-25 09:47:02] [WebServer - DataChangeService] [DEBUG] Added subscriber - Sources: DCS_WEBSOCKET, Destinations: DCD_GENSETTINGS
[2024-10-25 09:47:02] [VisionModule - VisionSourceSettables - ACAM3] [DEBUG] No property exposure_metering_mode for ACAM3 , skipping.
[2024-10-25 09:47:02] [VisionModule - VisionSourceSettables - ACAM3] [INFO] Setting video mode to FPS: 15 Width: 1280 Height: 720 Pixel Format: kMJPEG
[2024-10-25 09:47:02] [CSCore - PvCSCoreLogger] [INFO] ACAM3: Attempting to connect to USB camera on /dev/v4l/by-path/platform-fc800000.usb-usb-0:1:1.0-video-index0
[2024-10-25 09:47:02] [CSCore - PvCSCoreLogger] [DEBUG] CS: DEBUG 7: ACAM3: opening device (UsbCameraImpl.cpp:651)
[2024-10-25 09:47:02] [CSCore - PvCSCoreLogger] [INFO] ACAM3: Connected to USB camera on /dev/v4l/by-path/platform-fc800000.usb-usb-0:1:1.0-video-index0
[2024-10-25 09:47:02] [CSCore - PvCSCoreLogger] [DEBUG] CS: DEBUG 7: ACAM3: getting capabilities (UsbCameraImpl.cpp:663)
[2024-10-25 09:47:02] [CSCore - PvCSCoreLogger] [DEBUG] CS: DEBUG 7: ACAM3: restoring video mode (UsbCameraImpl.cpp:681)
[2024-10-25 09:47:02] [CSCore - PvCSCoreLogger] [INFO] ACAM2: set format 1 res 1280x720
[2024-10-25 09:47:02] [CSCore - PvCSCoreLogger] [INFO] ACAM2: set FPS to 15
[2024-10-25 09:47:02] [CSCore - PvCSCoreLogger] [DEBUG] CS: DEBUG 7: ACAM2: restoring settings (UsbCameraImpl.cpp:686)
[2024-10-25 09:47:02] [CSCore - PvCSCoreLogger] [DEBUG] CS: DEBUG 7: ACAM2: allocating buffers (UsbCameraImpl.cpp:701)
[2024-10-25 09:47:02] [CSCore - PvCSCoreLogger] [DEBUG] CS: DEBUG 7: ACAM2: mapping buffers (UsbCameraImpl.cpp:715)
[2024-10-25 09:47:02] [CSCore - PvCSCoreLogger] [DEBUG] CS: DEBUG 7: ACAM2: queuing buffers (UsbCameraImpl.cpp:765)
[2024-10-25 09:47:03] [CSCore - PvCSCoreLogger] [INFO] ACAM3: set format 1 res 1280x720
[2024-10-25 09:47:03] [CSCore - PvCSCoreLogger] [INFO] ACAM3: set FPS to 15
[2024-10-25 09:47:03] [CSCore - PvCSCoreLogger] [DEBUG] CS: DEBUG 7: ACAM3: restoring settings (UsbCameraImpl.cpp:686)
[2024-10-25 09:47:03] [CSCore - PvCSCoreLogger] [DEBUG] CS: DEBUG 7: ACAM3: allocating buffers (UsbCameraImpl.cpp:701)
[2024-10-25 09:47:03] [CSCore - PvCSCoreLogger] [DEBUG] CS: DEBUG 7: ACAM3: mapping buffers (UsbCameraImpl.cpp:715)
[2024-10-25 09:47:03] [CSCore - PvCSCoreLogger] [DEBUG] CS: DEBUG 7: ACAM3: queuing buffers (UsbCameraImpl.cpp:765)
[2024-10-25 09:47:03] [VisionModule - VisionSourceSettables - ACAM2] [DEBUG] Failed to set video mode!
[2024-10-25 09:47:03] [VisionModule - VisionSourceSettables - ACAM2] [DEBUG] Setting property raw_exposure_time_absolute to 5 (user requested 5.0 μs)
[2024-10-25 09:47:03] [VisionModule - VisionSourceSettables - ACAM2] [DEBUG] Setting auto exposure to false
[2024-10-25 09:47:03] [VisionModule - VisionSourceSettables - ACAM2] [DEBUG] No property auto_exposure_bias for ACAM2 , skipping.
[2024-10-25 09:47:03] [VisionModule - VisionSourceSettables - ACAM2] [DEBUG] No property iso_sensitivity_auto for ACAM2 , skipping.
[2024-10-25 09:47:03] [VisionModule - VisionSourceSettables - ACAM2] [DEBUG] No property iso_sensitivity for ACAM2 , skipping.
[2024-10-25 09:47:03] [VisionModule - VisionSourceSettables - ACAM2] [DEBUG] Setting property raw_exposure_time_absolute to 5 (user requested 5.0 μs)
[2024-10-25 09:47:03] [VisionModule - VisionSourceSettables - ACAM2] [DEBUG] No property gain_automatic for ACAM2 , skipping.
[2024-10-25 09:47:03] [VisionModule - VisionSourceSettables - ACAM2] [DEBUG] Setting property white_balance_temperature to 4000 (user requested 4000 degrees)
[2024-10-25 09:47:03] [VisionModule - VisionSourceSettables - ACAM2] [DEBUG] Setting auto white balance to false
[2024-10-25 09:47:03] [Config - ConfigManager] [DEBUG] Saving to disk...
[2024-10-25 09:47:03] [Config - SqlConfigProvider] [DEBUG] Saving to disk
[2024-10-25 09:47:03] [Camera - USBFrameProvider - ACAM2] [ERROR] Error grabbing image: 
[2024-10-25 09:47:03] [Config - SqlConfigProvider] [INFO] Settings saved!
[2024-10-25 09:47:03] [VisionModule - VisionSourceSettables - ACAM3] [DEBUG] Failed to set video mode!
[2024-10-25 09:47:03] [VisionModule - VisionSourceSettables - ACAM3] [DEBUG] Setting property raw_exposure_time_absolute to 5 (user requested 5.0 μs)
[2024-10-25 09:47:03] [VisionModule - VisionSourceSettables - ACAM3] [DEBUG] Setting auto exposure to false
[2024-10-25 09:47:03] [VisionModule - VisionSourceSettables - ACAM3] [DEBUG] No property auto_exposure_bias for ACAM3 , skipping.
[2024-10-25 09:47:03] [VisionModule - VisionSourceSettables - ACAM3] [DEBUG] No property iso_sensitivity_auto for ACAM3 , skipping.
[2024-10-25 09:47:03] [VisionModule - VisionSourceSettables - ACAM3] [DEBUG] No property iso_sensitivity for ACAM3 , skipping.
[2024-10-25 09:47:03] [VisionModule - VisionSourceSettables - ACAM3] [DEBUG] Setting property raw_exposure_time_absolute to 5 (user requested 5.0 μs)
[2024-10-25 09:47:03] [VisionModule - VisionSourceSettables - ACAM3] [DEBUG] No property gain_automatic for ACAM3 , skipping.
[2024-10-25 09:47:03] [VisionModule - VisionSourceSettables - ACAM3] [DEBUG] Setting property white_balance_temperature to 4000 (user requested 4000 degrees)
[2024-10-25 09:47:03] [VisionModule - VisionSourceSettables - ACAM3] [DEBUG] Setting auto white balance to false
[2024-10-25 09:47:10] [NetworkTables - NetworkTablesManager] [INFO] NT: INFO 20: CONNECTED NT4 to 10.17.36.2 port 5810 (NetworkClient.cpp:413)
[2024-10-25 09:47:10] [NetworkTables - NetworkTablesManager] [INFO] NT connected to 10.17.36.2:5810! (NT version 1025)
[2024-10-25 09:47:10] [General - ScriptManager] [INFO] Queued event: kNTConnected
[2024-10-25 09:47:10] [NetworkTables - TimeSyncManager] [DEBUG] NT (re)connected -- restarting Time Sync Client at 127.0.0.1:5810
[2024-10-25 09:47:11] [NetworkTables - TimeSyncManager] [DEBUG] Changing TimeSyncClient server to 10.17.36.2
[2024-10-25 09:48:03] [WebServer - Server] [DEBUG] Handled HTTP request of type GET from endpoint /index.html of req size -1 bytes & type null with return code 304 for host 10.17.36.201 in 23.48821 ms
[2024-10-25 09:48:03] [WebServer - Server] [DEBUG] Handled HTTP request of type GET from endpoint / of req size -1 bytes & type null with return code 304 for host 10.17.36.201 in 47.73271 ms
[2024-10-25 09:48:03] [WebServer - Server] [DEBUG] Handled HTTP request of type GET from endpoint /assets/index-Bnr8jAW6.js of req size -1 bytes & type null with return code 304 for host 10.17.36.201 in 18.966791 ms
[2024-10-25 09:48:03] [WebServer - Server] [DEBUG] Handled HTTP request of type GET from endpoint /assets/index-C7-j6cdu.css of req size -1 bytes & type null with return code 304 for host 10.17.36.201 in 1.089958 ms
[2024-10-25 09:48:04] [WebServer - DataSocketHandler] [INFO] New websocket connection from /10.17.36.201:60622
[2024-10-25 09:48:04] [General - ShellExec] [DEBUG] Executing "nmcli -t -f GENERAL.CONNECTION,GENERAL.DEVICE,GENERAL.TYPE device show"
[2024-10-25 09:48:04] [General - ShellExec] [DEBUG] Got exit code 0
[2024-10-25 09:48:04] [General - NetworkUtils] [DEBUG] Found network interfaces: []
[2024-10-25 09:48:04] [WebServer - Server] [DEBUG] Handled HTTP request of type GET from endpoint /assets/logoLarge-Blny0AlQ.svg of req size -1 bytes & type null with return code 304 for host 10.17.36.201 in 1.017042 ms
[2024-10-25 09:48:04] [WebServer - Server] [DEBUG] Handled HTTP request of type GET from endpoint /assets/loading-transparent-M6bk-DXt.svg of req size -1 bytes & type null with return code 304 for host 10.17.36.201 in 0.923709 ms
[2024-10-25 09:48:04] [WebServer - Server] [DEBUG] Handled HTTP request of type GET from endpoint /assets/materialdesignicons-webfont-Dp5v-WZN.woff2 of req size -1 bytes & type null with return code 304 for host 10.17.36.201 in 0.977667 ms
[2024-10-25 09:48:04] [WebServer - Server] [DEBUG] Handled HTTP request of type GET from endpoint /assets/prompt-latin-400-normal-CyXKtQGK.woff2 of req size -1 bytes & type null with return code 304 for host 10.17.36.201 in 0.984084 ms
[2024-10-25 09:48:04] [CSCore - PvCSCoreLogger] [DEBUG] CS: DEBUG 10: serve_photonvision_Port_1182_Output_MJPEG_Server: client connection from 10.17.36.201 (MjpegServerImpl.cpp:957)
[2024-10-25 09:48:05] [CSCore - PvCSCoreLogger] [DEBUG] CS: DEBUG 10: serve_photonvision_Port_1182_Output_MJPEG_Server: HTTP request: 'GET /stream.mjpg HTTP/1.1
'
 (MjpegServerImpl.cpp:811)
[2024-10-25 09:48:05] [CSCore - PvCSCoreLogger] [DEBUG] CS: DEBUG 10: serve_photonvision_Port_1182_Output_MJPEG_Server: command parameters: "" (MjpegServerImpl.cpp:854)
[2024-10-25 09:48:05] [CSCore - PvCSCoreLogger] [DEBUG] CS: DEBUG 10: serve_photonvision_Port_1182_Output_MJPEG_Server: request for stream photonvision_Port_1182_Output_MJPEG_Server (MjpegServerImpl.cpp:872)
[2024-10-25 09:48:05] [CSCore - PvCSCoreLogger] [DEBUG] CS: DEBUG 10: serve_photonvision_Port_1182_Output_MJPEG_Server: Headers send, sending stream now (MjpegServerImpl.cpp:681)
[2024-10-25 09:48:05] [WebServer - Server] [DEBUG] Handled HTTP request of type GET from endpoint /favicon.ico of req size -1 bytes & type null with return code 304 for host 10.17.36.201 in 1.064292 ms
[2024-10-25 09:50:10] [General - NetworkManager] [WARN] Unexpected connection  active on end1. Expected static-end1
[2024-10-25 09:50:10] [General - NetworkManager] [INFO] Reinitializing
[2024-10-25 09:50:10] [General - ShellExec] [DEBUG] Executing "nmcli -t -f GENERAL.CONNECTION,GENERAL.DEVICE,GENERAL.TYPE device show"
[2024-10-25 09:50:10] [General - ShellExec] [DEBUG] Got exit code 0
[2024-10-25 09:50:10] [General - NetworkUtils] [DEBUG] Found network interfaces: [NMDeviceInfo [connName=static-end1, devName=end1, nmType=NMTYPE_ETHERNET]]
[2024-10-25 09:50:10] [General - NetworkManager] [INFO] Setting STATIC with team 1736 on end1
[2024-10-25 09:50:10] [General - ShellExec] [DEBUG] Executing "cat /etc/hostname | tr -d " \t\n\r""
[2024-10-25 09:50:10] [General - ShellExec] [DEBUG] Got exit code 0
[2024-10-25 09:50:10] [General - NetworkManager] [DEBUG] Old host name: "photonvision"
[2024-10-25 09:50:10] [General - NetworkManager] [DEBUG] New host name: "photonvision"
[2024-10-25 09:50:10] [General - NetworkManager] [INFO] Updating the Static connection static-end1
[2024-10-25 09:50:10] [General - ShellExec] [DEBUG] Executing "nmcli connection modify static-end1 autoconnect yes ipv4.method manual ipv6.method disabled ipv4.addresses 10.17.36.15/8 ipv4.gateway 10.17.36.1 "
[2024-10-25 09:50:10] [General - ShellExec] [DEBUG] Got exit code 0
[2024-10-25 09:50:10] [General - NetworkManager] [INFO] Activating the Static connection static-end1
[2024-10-25 09:50:10] [General - ShellExec] [DEBUG] Executing "nmcli connection up "static-end1""
[2024-10-25 09:50:11] [General - ShellExec] [DEBUG] Got exit code 0
[2024-10-25 09:50:11] [WebServer - Server] [INFO] Web server going down for restart
[2024-10-25 09:50:11] [WebServer - DataSocketHandler] [INFO] Closing websockets for user 346b1ac6-0df9-4d08-98aa-9e940ef88026
[2024-10-25 09:50:11] [CSCore - PvCSCoreLogger] [DEBUG] CS: DEBUG 10: serve_photonvision_Port_1182_Output_MJPEG_Server: leaving HTTP client thread (MjpegServerImpl.cpp:919)
[2024-10-25 09:50:11] [WebServer - DataSocketHandler] [INFO] New websocket connection from /10.17.36.201:55602
[2024-10-25 09:50:11] [CSCore - PvCSCoreLogger] [DEBUG] CS: DEBUG 10: serve_photonvision_Port_1182_Output_MJPEG_Server: client connection from 10.17.36.201 (MjpegServerImpl.cpp:957)
[2024-10-25 09:50:11] [CSCore - PvCSCoreLogger] [DEBUG] CS: DEBUG 10: serve_photonvision_Port_1182_Output_MJPEG_Server: HTTP request: 'GET /stream.mjpg HTTP/1.1
'
 (MjpegServerImpl.cpp:811)
[2024-10-25 09:50:11] [CSCore - PvCSCoreLogger] [DEBUG] CS: DEBUG 10: serve_photonvision_Port_1182_Output_MJPEG_Server: command parameters: "" (MjpegServerImpl.cpp:854)
[2024-10-25 09:50:11] [CSCore - PvCSCoreLogger] [DEBUG] CS: DEBUG 10: serve_photonvision_Port_1182_Output_MJPEG_Server: request for stream photonvision_Port_1182_Output_MJPEG_Server (MjpegServerImpl.cpp:872)
[2024-10-25 09:50:11] [CSCore - PvCSCoreLogger] [DEBUG] CS: DEBUG 10: serve_photonvision_Port_1182_Output_MJPEG_Server: Headers send, sending stream now (MjpegServerImpl.cpp:681)
[2024-10-25 09:50:24] [General - NetworkManager] [WARN] Unexpected connection  active on end1. Expected static-end1
[2024-10-25 09:50:24] [General - NetworkManager] [INFO] Reinitializing
[2024-10-25 09:50:24] [General - ShellExec] [DEBUG] Executing "nmcli -t -f GENERAL.CONNECTION,GENERAL.DEVICE,GENERAL.TYPE device show"
[2024-10-25 09:50:25] [General - ShellExec] [DEBUG] Got exit code 0
[2024-10-25 09:50:25] [General - NetworkUtils] [DEBUG] Found network interfaces: [NMDeviceInfo [connName=static-end1, devName=end1, nmType=NMTYPE_ETHERNET]]
[2024-10-25 09:50:25] [General - NetworkManager] [INFO] Setting STATIC with team 1736 on end1
[2024-10-25 09:50:25] [General - ShellExec] [DEBUG] Executing "cat /etc/hostname | tr -d " \t\n\r""
[2024-10-25 09:50:25] [General - ShellExec] [DEBUG] Got exit code 0
[2024-10-25 09:50:25] [General - NetworkManager] [DEBUG] Old host name: ""
[2024-10-25 09:50:25] [General - NetworkManager] [DEBUG] New host name: "photonvision"
[2024-10-25 09:50:25] [General - ShellExec] [DEBUG] Executing "echo photonvision > /etc/hostname"
[2024-10-25 09:50:25] [General - ShellExec] [DEBUG] Got exit code 0
[2024-10-25 09:50:25] [General - ShellExec] [DEBUG] Executing "hostnamectl set-hostname photonvision"
[2024-10-25 09:50:25] [General - ShellExec] [DEBUG] Got exit code 0
[2024-10-25 09:50:25] [General - ShellExec] [DEBUG] Executing "sed -i "s/127.0.1.1.*/127.0.1.1\tphotonvision/g" /etc/hosts"
[2024-10-25 09:50:25] [General - ShellExec] [DEBUG] Got exit code 0
[2024-10-25 09:50:25] [General - ShellExec] [DEBUG] Executing "systemctl restart avahi-daemon.service"
[2024-10-25 09:50:25] [General - ShellExec] [DEBUG] Got exit code 0
[2024-10-25 09:50:25] [General - NetworkManager] [INFO] Set hostname to photonvision
[2024-10-25 09:50:25] [General - NetworkManager] [INFO] Updating the Static connection static-end1
[2024-10-25 09:50:25] [General - ShellExec] [DEBUG] Executing "nmcli connection modify static-end1 autoconnect yes ipv4.method manual ipv6.method disabled ipv4.addresses 10.17.36.15/8 ipv4.gateway 10.17.36.1 "
[2024-10-25 09:50:26] [General - ShellExec] [DEBUG] Got exit code 0
[2024-10-25 09:50:26] [General - NetworkManager] [INFO] Activating the Static connection static-end1
[2024-10-25 09:50:26] [General - ShellExec] [DEBUG] Executing "nmcli connection up "static-end1""
[2024-10-25 09:50:26] [General - ShellExec] [DEBUG] Got exit code 0
[2024-10-25 09:50:26] [WebServer - Server] [INFO] Web server going down for restart
[2024-10-25 09:50:26] [WebServer - DataSocketHandler] [INFO] Closing websockets for user fd03f74c-2f13-4c63-bb3c-2963e125e362
[2024-10-25 09:50:26] [CSCore - PvCSCoreLogger] [DEBUG] CS: DEBUG 10: serve_photonvision_Port_1182_Output_MJPEG_Server: leaving HTTP client thread (MjpegServerImpl.cpp:919)
[2024-10-25 09:50:27] [WebServer - DataSocketHandler] [INFO] New websocket connection from /10.17.36.201:55604
[2024-10-25 09:50:27] [CSCore - PvCSCoreLogger] [DEBUG] CS: DEBUG 10: serve_photonvision_Port_1182_Output_MJPEG_Server: client connection from 10.17.36.201 (MjpegServerImpl.cpp:957)
[2024-10-25 09:50:27] [CSCore - PvCSCoreLogger] [DEBUG] CS: DEBUG 10: serve_photonvision_Port_1182_Output_MJPEG_Server: HTTP request: 'GET /stream.mjpg HTTP/1.1
'
 (MjpegServerImpl.cpp:811)
[2024-10-25 09:50:27] [CSCore - PvCSCoreLogger] [DEBUG] CS: DEBUG 10: serve_photonvision_Port_1182_Output_MJPEG_Server: command parameters: "" (MjpegServerImpl.cpp:854)
[2024-10-25 09:50:27] [CSCore - PvCSCoreLogger] [DEBUG] CS: DEBUG 10: serve_photonvision_Port_1182_Output_MJPEG_Server: request for stream photonvision_Port_1182_Output_MJPEG_Server (MjpegServerImpl.cpp:872)
[2024-10-25 09:50:27] [CSCore - PvCSCoreLogger] [DEBUG] CS: DEBUG 10: serve_photonvision_Port_1182_Output_MJPEG_Server: Headers send, sending stream now (MjpegServerImpl.cpp:681)
[2024-10-25 09:50:34] [CSCore - PvCSCoreLogger] [DEBUG] CS: DEBUG 10: serve_photonvision_Port_1182_Output_MJPEG_Server: client connection from 10.17.36.201 (MjpegServerImpl.cpp:957)
[2024-10-25 09:50:34] [CSCore - PvCSCoreLogger] [DEBUG] CS: DEBUG 10: serve_photonvision_Port_1182_Output_MJPEG_Server: HTTP request: 'GET /stream.mjpg HTTP/1.1
'
 (MjpegServerImpl.cpp:811)
[2024-10-25 09:50:34] [CSCore - PvCSCoreLogger] [DEBUG] CS: DEBUG 10: serve_photonvision_Port_1182_Output_MJPEG_Server: command parameters: "" (MjpegServerImpl.cpp:854)
[2024-10-25 09:50:34] [CSCore - PvCSCoreLogger] [DEBUG] CS: DEBUG 10: serve_photonvision_Port_1182_Output_MJPEG_Server: request for stream photonvision_Port_1182_Output_MJPEG_Server (MjpegServerImpl.cpp:872)
[2024-10-25 09:50:34] [CSCore - PvCSCoreLogger] [DEBUG] CS: DEBUG 10: serve_photonvision_Port_1182_Output_MJPEG_Server: Headers send, sending stream now (MjpegServerImpl.cpp:681)
[2024-10-25 09:50:34] [CSCore - PvCSCoreLogger] [DEBUG] CS: DEBUG 10: serve_photonvision_Port_1182_Output_MJPEG_Server: leaving HTTP client thread (MjpegServerImpl.cpp:919)
[2024-10-25 09:50:37] [General - MetricsManager] [DEBUG] Publishing Metrics...
[2024-10-25 09:50:37] [General - ShellExec] [DEBUG] Executing "cat /sys/class/thermal/thermal_zone1/temp | awk '{printf "%.1f", $1/1000}'"
[2024-10-25 09:50:37] [General - ShellExec] [DEBUG] Got exit code 0
[2024-10-25 09:50:37] [General - ShellExec] [DEBUG] Executing "top -bn1 | grep "Cpu(s)" | sed "s/.*, *\([0-9.]*\)%* id.*/\1/" | awk '{print 100 - $1}'"
[2024-10-25 09:50:37] [General - ShellExec] [DEBUG] Got exit code 0
[2024-10-25 09:50:37] [General - ShellExec] [DEBUG] Executing "free -m | awk 'FNR == 2 {print $2}'"
[2024-10-25 09:50:37] [General - ShellExec] [DEBUG] Got exit code 0
[2024-10-25 09:50:37] [General - ShellExec] [DEBUG] Executing "uptime -p | cut -c 4-"
[2024-10-25 09:50:37] [CSCore - PvCSCoreLogger] [DEBUG] CS: DEBUG 10: serve_photonvision_Port_1182_Output_MJPEG_Server: leaving HTTP client thread (MjpegServerImpl.cpp:919)
[2024-10-25 09:50:38] [General - ShellExec] [DEBUG] Got exit code 0
[2024-10-25 09:50:38] [General - ShellExec] [DEBUG] Executing "free -m | awk 'FNR == 2 {print $3}'"
[2024-10-25 09:50:38] [General - ShellExec] [DEBUG] Got exit code 0
[2024-10-25 09:50:38] [General - ShellExec] [DEBUG] Executing "df ./ --output=pcent | tail -n +2"
[2024-10-25 09:50:38] [General - ShellExec] [DEBUG] Got exit code 0
[2024-10-25 09:50:38] [General - ShellExec] [DEBUG] Executing "cat /sys/kernel/debug/rknpu/load | sed 's/NPU load://; s/^ *//; s/ *$//'"
[2024-10-25 09:50:38] [General - ShellExec] [DEBUG] Got exit code 0
[2024-10-25 09:50:38] [General - MetricsManager] [DEBUG] Requesting IP addresses for "end1"
[2024-10-25 09:50:38] [General - MetricsManager] [DEBUG] Got value "10.17.36.15/8"
[2024-10-25 09:50:38] [WebServer - Server] [DEBUG] Handled HTTP request of type POST from endpoint /api/utils/publishMetrics of req size 0 bytes & type null with return code 204 for host 10.17.36.201 in 478.85345 ms
[2024-10-25 09:50:48] [WebServer - Server] [DEBUG] Handled HTTP request of type GET from endpoint /index.html of req size -1 bytes & type null with return code 304 for host 10.17.36.201 in 0.5845 ms
[2024-10-25 09:50:48] [WebServer - Server] [DEBUG] Handled HTTP request of type GET from endpoint / of req size -1 bytes & type null with return code 304 for host 10.17.36.201 in 1.437042 ms
[2024-10-25 09:50:48] [WebServer - DataSocketHandler] [INFO] Closing websocket connection from /10.17.36.201:55604 for reason: Connection closed by client
[2024-10-25 09:50:48] [WebServer - Server] [DEBUG] Handled HTTP request of type GET from endpoint /assets/index-Bnr8jAW6.js of req size -1 bytes & type null with return code 304 for host 10.17.36.201 in 1.205751 ms
[2024-10-25 09:50:48] [WebServer - Server] [DEBUG] Handled HTTP request of type GET from endpoint /assets/index-C7-j6cdu.css of req size -1 bytes & type null with return code 304 for host 10.17.36.201 in 0.7875 ms
[2024-10-25 09:50:49] [WebServer - DataSocketHandler] [INFO] New websocket connection from /10.17.36.201:55649
[2024-10-25 09:50:49] [General - ShellExec] [DEBUG] Executing "nmcli -t -f GENERAL.CONNECTION,GENERAL.DEVICE,GENERAL.TYPE device show"
[2024-10-25 09:50:49] [General - ShellExec] [DEBUG] Got exit code 0
[2024-10-25 09:50:49] [General - NetworkUtils] [DEBUG] Found network interfaces: [NMDeviceInfo [connName=static-end1, devName=end1, nmType=NMTYPE_ETHERNET]]
[2024-10-25 09:50:49] [General - MetricsManager] [DEBUG] Publishing Metrics...
[2024-10-25 09:50:49] [General - ShellExec] [DEBUG] Executing "cat /sys/class/thermal/thermal_zone1/temp | awk '{printf "%.1f", $1/1000}'"
[2024-10-25 09:50:49] [General - ShellExec] [DEBUG] Got exit code 0
[2024-10-25 09:50:49] [General - ShellExec] [DEBUG] Executing "top -bn1 | grep "Cpu(s)" | sed "s/.*, *\([0-9.]*\)%* id.*/\1/" | awk '{print 100 - $1}'"
[2024-10-25 09:50:49] [WebServer - Server] [DEBUG] Handled HTTP request of type GET from endpoint /assets/logoLarge-Blny0AlQ.svg of req size -1 bytes & type null with return code 304 for host 10.17.36.201 in 0.758334 ms
[2024-10-25 09:50:49] [WebServer - Server] [DEBUG] Handled HTTP request of type GET from endpoint /assets/materialdesignicons-webfont-Dp5v-WZN.woff2 of req size -1 bytes & type null with return code 304 for host 10.17.36.201 in 0.870333 ms
[2024-10-25 09:50:49] [WebServer - Server] [DEBUG] Handled HTTP request of type GET from endpoint /assets/prompt-latin-400-normal-CyXKtQGK.woff2 of req size -1 bytes & type null with return code 304 for host 10.17.36.201 in 0.827167 ms
[2024-10-25 09:50:49] [General - ShellExec] [DEBUG] Got exit code 0
[2024-10-25 09:50:49] [General - ShellExec] [DEBUG] Executing "uptime -p | cut -c 4-"
[2024-10-25 09:50:49] [General - ShellExec] [DEBUG] Got exit code 0
[2024-10-25 09:50:49] [General - ShellExec] [DEBUG] Executing "free -m | awk 'FNR == 2 {print $3}'"
[2024-10-25 09:50:49] [General - ShellExec] [DEBUG] Got exit code 0
[2024-10-25 09:50:49] [General - ShellExec] [DEBUG] Executing "df ./ --output=pcent | tail -n +2"
[2024-10-25 09:50:49] [General - ShellExec] [DEBUG] Got exit code 0
[2024-10-25 09:50:49] [General - ShellExec] [DEBUG] Executing "cat /sys/kernel/debug/rknpu/load | sed 's/NPU load://; s/^ *//; s/ *$//'"
[2024-10-25 09:50:49] [General - ShellExec] [DEBUG] Got exit code 0
[2024-10-25 09:50:49] [General - MetricsManager] [DEBUG] Requesting IP addresses for "end1"
[2024-10-25 09:50:49] [General - MetricsManager] [DEBUG] Got value "10.17.36.15/8"
[2024-10-25 09:50:49] [WebServer - Server] [DEBUG] Handled HTTP request of type POST from endpoint /api/utils/publishMetrics of req size 0 bytes & type null with return code 204 for host 10.17.36.201 in 305.40683 ms
[2024-10-25 09:50:49] [WebServer - Server] [DEBUG] Handled HTTP request of type GET from endpoint /favicon.ico of req size -1 bytes & type null with return code 304 for host 10.17.36.201 in 1.043291 ms
[2024-10-25 09:51:00] [WebServer - Server] [DEBUG] Handled HTTP request of type GET from endpoint /assets/loading-transparent-M6bk-DXt.svg of req size -1 bytes & type null with return code 304 for host 10.17.36.201 in 0.937708 ms
[2024-10-25 09:51:00] [CSCore - PvCSCoreLogger] [DEBUG] CS: DEBUG 10: serve_photonvision_Port_1182_Output_MJPEG_Server: client connection from 10.17.36.201 (MjpegServerImpl.cpp:957)
[2024-10-25 09:51:00] [CSCore - PvCSCoreLogger] [DEBUG] CS: DEBUG 10: serve_photonvision_Port_1182_Output_MJPEG_Server: HTTP request: 'GET /stream.mjpg HTTP/1.1
'
 (MjpegServerImpl.cpp:811)
[2024-10-25 09:51:00] [CSCore - PvCSCoreLogger] [DEBUG] CS: DEBUG 10: serve_photonvision_Port_1182_Output_MJPEG_Server: command parameters: "" (MjpegServerImpl.cpp:854)
[2024-10-25 09:51:00] [CSCore - PvCSCoreLogger] [DEBUG] CS: DEBUG 10: serve_photonvision_Port_1182_Output_MJPEG_Server: request for stream photonvision_Port_1182_Output_MJPEG_Server (MjpegServerImpl.cpp:872)
[2024-10-25 09:51:00] [CSCore - PvCSCoreLogger] [DEBUG] CS: DEBUG 10: serve_photonvision_Port_1182_Output_MJPEG_Server: Headers send, sending stream now (MjpegServerImpl.cpp:681)
[2024-10-25 09:51:40] [General - NetworkManager] [WARN] Unexpected connection  active on end1. Expected static-end1
[2024-10-25 09:51:40] [General - NetworkManager] [INFO] Reinitializing
[2024-10-25 09:51:40] [General - ShellExec] [DEBUG] Executing "nmcli -t -f GENERAL.CONNECTION,GENERAL.DEVICE,GENERAL.TYPE device show"
[2024-10-25 09:51:40] [General - ShellExec] [DEBUG] Got exit code 0
[2024-10-25 09:51:40] [General - NetworkUtils] [DEBUG] Found network interfaces: [NMDeviceInfo [connName=static-end1, devName=end1, nmType=NMTYPE_ETHERNET]]
[2024-10-25 09:51:40] [General - NetworkManager] [INFO] Setting STATIC with team 1736 on end1
[2024-10-25 09:51:40] [General - ShellExec] [DEBUG] Executing "cat /etc/hostname | tr -d " \t\n\r""
[2024-10-25 09:51:40] [General - ShellExec] [DEBUG] Got exit code 0
[2024-10-25 09:51:40] [General - NetworkManager] [DEBUG] Old host name: ""
[2024-10-25 09:51:40] [General - NetworkManager] [DEBUG] New host name: "photonvision"
[2024-10-25 09:51:40] [General - ShellExec] [DEBUG] Executing "echo photonvision > /etc/hostname"
[2024-10-25 09:51:40] [General - ShellExec] [DEBUG] Got exit code 0
[2024-10-25 09:51:40] [General - ShellExec] [DEBUG] Executing "hostnamectl set-hostname photonvision"
[2024-10-25 09:51:40] [General - ShellExec] [DEBUG] Got exit code 0
[2024-10-25 09:51:40] [General - ShellExec] [DEBUG] Executing "sed -i "s/127.0.1.1.*/127.0.1.1\tphotonvision/g" /etc/hosts"
[2024-10-25 09:51:40] [General - ShellExec] [DEBUG] Got exit code 0
[2024-10-25 09:51:40] [General - ShellExec] [DEBUG] Executing "systemctl restart avahi-daemon.service"
[2024-10-25 09:51:40] [General - ShellExec] [DEBUG] Got exit code 0
[2024-10-25 09:51:40] [General - NetworkManager] [INFO] Set hostname to photonvision
[2024-10-25 09:51:40] [General - NetworkManager] [INFO] Updating the Static connection static-end1
[2024-10-25 09:51:40] [General - ShellExec] [DEBUG] Executing "nmcli connection modify static-end1 autoconnect yes ipv4.method manual ipv6.method disabled ipv4.addresses 10.17.36.15/8 ipv4.gateway 10.17.36.1 "
[2024-10-25 09:51:40] [General - ShellExec] [DEBUG] Got exit code 0
[2024-10-25 09:51:40] [General - NetworkManager] [INFO] Activating the Static connection static-end1
[2024-10-25 09:51:40] [General - ShellExec] [DEBUG] Executing "nmcli connection up "static-end1""
[2024-10-25 09:51:41] [General - ShellExec] [DEBUG] Got exit code 0
[2024-10-25 09:51:41] [WebServer - Server] [INFO] Web server going down for restart
[2024-10-25 09:51:41] [WebServer - DataSocketHandler] [INFO] Closing websockets for user e0f19a8a-00a8-48b4-9e11-f8f8fef2fb0a
[2024-10-25 09:51:42] [CSCore - PvCSCoreLogger] [DEBUG] CS: DEBUG 10: serve_photonvision_Port_1182_Output_MJPEG_Server: leaving HTTP client thread (MjpegServerImpl.cpp:919)
[2024-10-25 09:51:42] [WebServer - DataSocketHandler] [INFO] New websocket connection from /10.17.36.201:55769
[2024-10-25 09:51:43] [CSCore - PvCSCoreLogger] [DEBUG] CS: DEBUG 10: serve_photonvision_Port_1182_Output_MJPEG_Server: client connection from 10.17.36.201 (MjpegServerImpl.cpp:957)
[2024-10-25 09:51:43] [CSCore - PvCSCoreLogger] [DEBUG] CS: DEBUG 10: serve_photonvision_Port_1182_Output_MJPEG_Server: HTTP request: 'GET /stream.mjpg HTTP/1.1
'
 (MjpegServerImpl.cpp:811)
[2024-10-25 09:51:43] [CSCore - PvCSCoreLogger] [DEBUG] CS: DEBUG 10: serve_photonvision_Port_1182_Output_MJPEG_Server: command parameters: "" (MjpegServerImpl.cpp:854)
[2024-10-25 09:51:43] [CSCore - PvCSCoreLogger] [DEBUG] CS: DEBUG 10: serve_photonvision_Port_1182_Output_MJPEG_Server: request for stream photonvision_Port_1182_Output_MJPEG_Server (MjpegServerImpl.cpp:872)
[2024-10-25 09:51:43] [CSCore - PvCSCoreLogger] [DEBUG] CS: DEBUG 10: serve_photonvision_Port_1182_Output_MJPEG_Server: Headers send, sending stream now (MjpegServerImpl.cpp:681)
[2024-10-25 09:52:01] [NetworkTables - NetworkTablesManager] [INFO] NT: INFO 20: DISCONNECTED NT4 connection: stream error: ECONNRESET (NetworkClient.cpp:468)
[2024-10-25 09:52:01] [NetworkTables - NetworkTablesManager] [ERROR] NT lost connection to 10.17.36.2:5810! (NT version 1025). Will retry in background.
[2024-10-25 09:52:11] [NetworkTables - NetworkTablesManager] [INFO] NT: INFO 20: CONNECTED NT4 to 10.17.36.2 port 5810 (NetworkClient.cpp:413)
[2024-10-25 09:52:11] [NetworkTables - NetworkTablesManager] [INFO] NT connected to 10.17.36.2:5810! (NT version 1025)
[2024-10-25 09:52:11] [General - ScriptManager] [INFO] Queued event: kNTConnected
[2024-10-25 09:52:11] [NetworkTables - TimeSyncManager] [DEBUG] NT (re)connected -- restarting Time Sync Client at 10.17.36.2:5810
[2024-10-25 09:54:33] [NetworkTables - NetworkTablesManager] [INFO] NT: INFO 20: DISCONNECTED NT4 connection: stream error: ECONNRESET (NetworkClient.cpp:468)
[2024-10-25 09:54:33] [NetworkTables - NetworkTablesManager] [ERROR] NT lost connection to 10.17.36.2:5810! (NT version 1025). Will retry in background.
[2024-10-25 09:54:43] [NetworkTables - NetworkTablesManager] [INFO] NT: INFO 20: CONNECTED NT4 to 10.17.36.2 port 5810 (NetworkClient.cpp:413)
[2024-10-25 09:54:43] [NetworkTables - NetworkTablesManager] [INFO] NT connected to 10.17.36.2:5810! (NT version 1025)
[2024-10-25 09:54:43] [General - ScriptManager] [INFO] Queued event: kNTConnected
[2024-10-25 09:54:43] [NetworkTables - TimeSyncManager] [DEBUG] NT (re)connected -- restarting Time Sync Client at 10.17.36.2:5810
[2024-10-25 09:57:09] [NetworkTables - NetworkTablesManager] [INFO] NT: INFO 20: DISCONNECTED NT4 connection: stream error: ECONNRESET (NetworkClient.cpp:468)
[2024-10-25 09:57:09] [NetworkTables - NetworkTablesManager] [ERROR] NT lost connection to 10.17.36.2:5810! (NT version 1025). Will retry in background.
[2024-10-25 09:57:19] [NetworkTables - NetworkTablesManager] [INFO] NT: INFO 20: CONNECTED NT4 to 10.17.36.2 port 5810 (NetworkClient.cpp:413)
[2024-10-25 09:57:19] [NetworkTables - NetworkTablesManager] [INFO] NT connected to 10.17.36.2:5810! (NT version 1025)
[2024-10-25 09:57:19] [General - ScriptManager] [INFO] Queued event: kNTConnected
[2024-10-25 09:57:19] [NetworkTables - TimeSyncManager] [DEBUG] NT (re)connected -- restarting Time Sync Client at 10.17.36.2:5810
[2024-10-25 09:57:38] [WebServer - Server] [DEBUG] Handled HTTP request of type GET from endpoint /index.html of req size -1 bytes & type null with return code 304 for host 10.17.36.201 in 0.595583 ms
[2024-10-25 09:57:38] [WebServer - Server] [DEBUG] Handled HTTP request of type GET from endpoint / of req size -1 bytes & type null with return code 304 for host 10.17.36.201 in 1.57675 ms
[2024-10-25 09:57:39] [WebServer - DataSocketHandler] [INFO] Closing websocket connection from /10.17.36.201:55769 for reason: Connection closed by client
[2024-10-25 09:57:39] [WebServer - Server] [DEBUG] Handled HTTP request of type GET from endpoint /index.html of req size -1 bytes & type null with return code 304 for host 10.17.36.201 in 0.680459 ms
[2024-10-25 09:57:39] [WebServer - Server] [DEBUG] Handled HTTP request of type GET from endpoint / of req size -1 bytes & type null with return code 304 for host 10.17.36.201 in 1.720833 ms
[2024-10-25 09:57:39] [WebServer - Server] [DEBUG] Handled HTTP request of type GET from endpoint /assets/index-Bnr8jAW6.js of req size -1 bytes & type null with return code 304 for host 10.17.36.201 in 1.235501 ms
[2024-10-25 09:57:39] [WebServer - Server] [DEBUG] Handled HTTP request of type GET from endpoint /assets/index-C7-j6cdu.css of req size -1 bytes & type null with return code 304 for host 10.17.36.201 in 0.793917 ms
[2024-10-25 09:57:39] [CSCore - PvCSCoreLogger] [DEBUG] CS: DEBUG 10: serve_photonvision_Port_1182_Output_MJPEG_Server: leaving HTTP client thread (MjpegServerImpl.cpp:919)
[2024-10-25 09:57:39] [WebServer - Server] [DEBUG] Handled HTTP request of type GET from endpoint /assets/index-C7-j6cdu.css of req size -1 bytes & type null with return code 200 for host 10.17.36.201 in 56.434006 ms
[2024-10-25 09:57:39] [WebServer - Server] [DEBUG] Handled HTTP request of type GET from endpoint /index.html of req size -1 bytes & type null with return code 304 for host 10.17.36.201 in 0.489417 ms
[2024-10-25 09:57:39] [WebServer - Server] [DEBUG] Handled HTTP request of type GET from endpoint / of req size -1 bytes & type null with return code 304 for host 10.17.36.201 in 1.306667 ms
[2024-10-25 09:57:39] [WebServer - Server] [DEBUG] Handled HTTP request of type GET from endpoint /assets/index-C7-j6cdu.css of req size -1 bytes & type null with return code 200 for host 10.17.36.201 in 55.519047 ms
[2024-10-25 09:57:39] [WebServer - Server] [DEBUG] Handled HTTP request of type GET from endpoint /assets/index-Bnr8jAW6.js of req size -1 bytes & type null with return code 200 for host 10.17.36.201 in 198.3981 ms
[2024-10-25 09:57:39] [WebServer - DataSocketHandler] [INFO] New websocket connection from /10.17.36.201:51501
[2024-10-25 09:57:39] [General - ShellExec] [DEBUG] Executing "nmcli -t -f GENERAL.CONNECTION,GENERAL.DEVICE,GENERAL.TYPE device show"
[2024-10-25 09:57:39] [General - ShellExec] [DEBUG] Got exit code 0
[2024-10-25 09:57:39] [General - NetworkUtils] [DEBUG] Found network interfaces: [NMDeviceInfo [connName=static-end1, devName=end1, nmType=NMTYPE_ETHERNET]]
[2024-10-25 09:57:40] [WebServer - Server] [DEBUG] Handled HTTP request of type GET from endpoint /assets/loading-transparent-M6bk-DXt.svg of req size -1 bytes & type null with return code 304 for host 10.17.36.201 in 0.78925 ms
[2024-10-25 09:57:40] [WebServer - Server] [DEBUG] Handled HTTP request of type GET from endpoint /assets/logoLarge-Blny0AlQ.svg of req size -1 bytes & type null with return code 304 for host 10.17.36.201 in 0.840292 ms
[2024-10-25 09:57:40] [WebServer - Server] [DEBUG] Handled HTTP request of type GET from endpoint /assets/materialdesignicons-webfont-Dp5v-WZN.woff2 of req size -1 bytes & type null with return code 304 for host 10.17.36.201 in 0.814916 ms
[2024-10-25 09:57:40] [WebServer - Server] [DEBUG] Handled HTTP request of type GET from endpoint /assets/prompt-latin-400-normal-CyXKtQGK.woff2 of req size -1 bytes & type null with return code 304 for host 10.17.36.201 in 1.742125 ms
[2024-10-25 09:57:40] [CSCore - PvCSCoreLogger] [DEBUG] CS: DEBUG 10: serve_photonvision_Port_1182_Output_MJPEG_Server: client connection from 10.17.36.201 (MjpegServerImpl.cpp:957)
[2024-10-25 09:57:40] [CSCore - PvCSCoreLogger] [DEBUG] CS: DEBUG 10: serve_photonvision_Port_1182_Output_MJPEG_Server: HTTP request: 'GET /stream.mjpg HTTP/1.1
'
 (MjpegServerImpl.cpp:811)
[2024-10-25 09:57:40] [CSCore - PvCSCoreLogger] [DEBUG] CS: DEBUG 10: serve_photonvision_Port_1182_Output_MJPEG_Server: command parameters: "" (MjpegServerImpl.cpp:854)
[2024-10-25 09:57:40] [CSCore - PvCSCoreLogger] [DEBUG] CS: DEBUG 10: serve_photonvision_Port_1182_Output_MJPEG_Server: request for stream photonvision_Port_1182_Output_MJPEG_Server (MjpegServerImpl.cpp:872)
[2024-10-25 09:57:40] [CSCore - PvCSCoreLogger] [DEBUG] CS: DEBUG 10: serve_photonvision_Port_1182_Output_MJPEG_Server: Headers send, sending stream now (MjpegServerImpl.cpp:681)
[2024-10-25 09:57:40] [WebServer - Server] [DEBUG] Handled HTTP request of type GET from endpoint /favicon.ico of req size -1 bytes & type null with return code 304 for host 10.17.36.201 in 0.831833 ms
[2024-10-25 09:57:48] [WebServer - DataSocketHandler] [INFO] Closing websocket connection from /10.17.36.201:51501 for reason: Connection closed by client
[2024-10-25 09:57:48] [CSCore - PvCSCoreLogger] [DEBUG] CS: DEBUG 10: serve_photonvision_Port_1182_Output_MJPEG_Server: leaving HTTP client thread (MjpegServerImpl.cpp:919)
[2024-10-25 10:00:22] [NetworkTables - NetworkTablesManager] [INFO] NT: INFO 20: DISCONNECTED NT4 connection: stream error: ECONNRESET (NetworkClient.cpp:468)
[2024-10-25 10:00:22] [NetworkTables - NetworkTablesManager] [ERROR] NT lost connection to 10.17.36.2:5810! (NT version 1025). Will retry in background.
[2024-10-25 10:00:32] [NetworkTables - NetworkTablesManager] [INFO] NT: INFO 20: CONNECTED NT4 to 10.17.36.2 port 5810 (NetworkClient.cpp:413)
[2024-10-25 10:00:32] [NetworkTables - NetworkTablesManager] [INFO] NT connected to 10.17.36.2:5810! (NT version 1025)
[2024-10-25 10:00:32] [General - ScriptManager] [INFO] Queued event: kNTConnected
[2024-10-25 10:00:32] [NetworkTables - TimeSyncManager] [DEBUG] NT (re)connected -- restarting Time Sync Client at 10.17.36.2:5810
[2024-10-25 10:00:55] [General - NetworkManager] [WARN] Unexpected connection  active on end1. Expected static-end1
[2024-10-25 10:00:55] [General - NetworkManager] [INFO] Reinitializing
[2024-10-25 10:00:55] [General - ShellExec] [DEBUG] Executing "nmcli -t -f GENERAL.CONNECTION,GENERAL.DEVICE,GENERAL.TYPE device show"
[2024-10-25 10:00:55] [General - ShellExec] [DEBUG] Got exit code 0
[2024-10-25 10:00:55] [General - NetworkUtils] [DEBUG] Found network interfaces: [NMDeviceInfo [connName=static-end1, devName=end1, nmType=NMTYPE_ETHERNET]]
[2024-10-25 10:00:55] [General - NetworkManager] [INFO] Setting STATIC with team 1736 on end1
[2024-10-25 10:00:55] [General - ShellExec] [DEBUG] Executing "cat /etc/hostname | tr -d " \t\n\r""
[2024-10-25 10:00:55] [General - ShellExec] [DEBUG] Got exit code 0
[2024-10-25 10:00:55] [General - NetworkManager] [DEBUG] Old host name: ""
[2024-10-25 10:00:55] [General - NetworkManager] [DEBUG] New host name: "photonvision"
[2024-10-25 10:00:55] [General - ShellExec] [DEBUG] Executing "echo photonvision > /etc/hostname"
[2024-10-25 10:00:55] [General - ShellExec] [DEBUG] Got exit code 0
[2024-10-25 10:00:55] [General - ShellExec] [DEBUG] Executing "hostnamectl set-hostname photonvision"
[2024-10-25 10:00:55] [General - ShellExec] [DEBUG] Got exit code 0
[2024-10-25 10:00:55] [General - ShellExec] [DEBUG] Executing "sed -i "s/127.0.1.1.*/127.0.1.1\tphotonvision/g" /etc/hosts"
[2024-10-25 10:00:55] [General - ShellExec] [DEBUG] Got exit code 0
[2024-10-25 10:00:55] [General - ShellExec] [DEBUG] Executing "systemctl restart avahi-daemon.service"
[2024-10-25 10:00:55] [General - ShellExec] [DEBUG] Got exit code 0
[2024-10-25 10:00:55] [General - NetworkManager] [INFO] Set hostname to photonvision
[2024-10-25 10:00:55] [General - NetworkManager] [INFO] Updating the Static connection static-end1
[2024-10-25 10:00:55] [General - ShellExec] [DEBUG] Executing "nmcli connection modify static-end1 autoconnect yes ipv4.method manual ipv6.method disabled ipv4.addresses 10.17.36.15/8 ipv4.gateway 10.17.36.1 "
[2024-10-25 10:00:56] [General - ShellExec] [DEBUG] Got exit code 0
[2024-10-25 10:00:56] [General - NetworkManager] [INFO] Activating the Static connection static-end1
[2024-10-25 10:00:56] [General - ShellExec] [DEBUG] Executing "nmcli connection up "static-end1""
[2024-10-25 10:00:56] [General - ShellExec] [DEBUG] Got exit code 0
[2024-10-25 10:00:56] [WebServer - Server] [INFO] Web server going down for restart
[2024-10-25 10:08:25] [General - NetworkManager] [WARN] Unexpected connection  active on end1. Expected static-end1
[2024-10-25 10:08:25] [General - NetworkManager] [INFO] Reinitializing
[2024-10-25 10:08:25] [General - ShellExec] [DEBUG] Executing "nmcli -t -f GENERAL.CONNECTION,GENERAL.DEVICE,GENERAL.TYPE device show"
[2024-10-25 10:08:25] [General - ShellExec] [DEBUG] Got exit code 0
[2024-10-25 10:08:25] [General - NetworkUtils] [DEBUG] Found network interfaces: [NMDeviceInfo [connName=static-end1, devName=end1, nmType=NMTYPE_ETHERNET]]
[2024-10-25 10:08:25] [General - NetworkManager] [INFO] Setting STATIC with team 1736 on end1
[2024-10-25 10:08:25] [General - ShellExec] [DEBUG] Executing "cat /etc/hostname | tr -d " \t\n\r""
[2024-10-25 10:08:25] [General - ShellExec] [DEBUG] Got exit code 0
[2024-10-25 10:08:25] [General - NetworkManager] [DEBUG] Old host name: "photonvision"
[2024-10-25 10:08:25] [General - NetworkManager] [DEBUG] New host name: "photonvision"
[2024-10-25 10:08:25] [General - NetworkManager] [INFO] Updating the Static connection static-end1
[2024-10-25 10:08:25] [General - ShellExec] [DEBUG] Executing "nmcli connection modify static-end1 autoconnect yes ipv4.method manual ipv6.method disabled ipv4.addresses 10.17.36.15/8 ipv4.gateway 10.17.36.1 "
[2024-10-25 10:08:25] [General - ShellExec] [DEBUG] Got exit code 0
[2024-10-25 10:08:25] [General - NetworkManager] [INFO] Activating the Static connection static-end1
[2024-10-25 10:08:25] [General - ShellExec] [DEBUG] Executing "nmcli connection up "static-end1""
[2024-10-25 10:08:26] [General - ShellExec] [DEBUG] Got exit code 0
[2024-10-25 10:08:26] [WebServer - Server] [INFO] Web server going down for restart
[2024-10-25 10:09:00] [General - NetworkManager] [WARN] Unexpected connection  active on end1. Expected static-end1
[2024-10-25 10:09:00] [General - NetworkManager] [INFO] Reinitializing
[2024-10-25 10:09:00] [General - ShellExec] [DEBUG] Executing "nmcli -t -f GENERAL.CONNECTION,GENERAL.DEVICE,GENERAL.TYPE device show"
[2024-10-25 10:09:00] [General - ShellExec] [DEBUG] Got exit code 0
[2024-10-25 10:09:00] [General - NetworkUtils] [DEBUG] Found network interfaces: [NMDeviceInfo [connName=static-end1, devName=end1, nmType=NMTYPE_ETHERNET]]
[2024-10-25 10:09:00] [General - NetworkManager] [INFO] Setting STATIC with team 1736 on end1
[2024-10-25 10:09:00] [General - ShellExec] [DEBUG] Executing "cat /etc/hostname | tr -d " \t\n\r""
[2024-10-25 10:09:00] [General - ShellExec] [DEBUG] Got exit code 0
[2024-10-25 10:09:00] [General - NetworkManager] [DEBUG] Old host name: ""
[2024-10-25 10:09:00] [General - NetworkManager] [DEBUG] New host name: "photonvision"
[2024-10-25 10:09:00] [General - ShellExec] [DEBUG] Executing "echo photonvision > /etc/hostname"
[2024-10-25 10:09:00] [General - ShellExec] [DEBUG] Got exit code 0
[2024-10-25 10:09:00] [General - ShellExec] [DEBUG] Executing "hostnamectl set-hostname photonvision"
[2024-10-25 10:09:00] [General - ShellExec] [DEBUG] Got exit code 0
[2024-10-25 10:09:00] [General - ShellExec] [DEBUG] Executing "sed -i "s/127.0.1.1.*/127.0.1.1\tphotonvision/g" /etc/hosts"
[2024-10-25 10:09:00] [General - ShellExec] [DEBUG] Got exit code 0
[2024-10-25 10:09:00] [General - ShellExec] [DEBUG] Executing "systemctl restart avahi-daemon.service"
[2024-10-25 10:09:00] [General - ShellExec] [DEBUG] Got exit code 0
[2024-10-25 10:09:00] [General - NetworkManager] [INFO] Set hostname to photonvision
[2024-10-25 10:09:00] [General - NetworkManager] [INFO] Updating the Static connection static-end1
[2024-10-25 10:09:00] [General - ShellExec] [DEBUG] Executing "nmcli connection modify static-end1 autoconnect yes ipv4.method manual ipv6.method disabled ipv4.addresses 10.17.36.15/8 ipv4.gateway 10.17.36.1 "
[2024-10-25 10:09:01] [General - ShellExec] [DEBUG] Got exit code 0
[2024-10-25 10:09:01] [General - NetworkManager] [INFO] Activating the Static connection static-end1
[2024-10-25 10:09:01] [General - ShellExec] [DEBUG] Executing "nmcli connection up "static-end1""
[2024-10-25 10:09:01] [General - ShellExec] [DEBUG] Got exit code 0
[2024-10-25 10:09:01] [WebServer - Server] [INFO] Web server going down for restart
[2024-10-25 10:10:00] [General - NetworkManager] [WARN] Unexpected connection  active on end1. Expected static-end1
[2024-10-25 10:10:00] [General - NetworkManager] [INFO] Reinitializing
[2024-10-25 10:10:00] [General - ShellExec] [DEBUG] Executing "nmcli -t -f GENERAL.CONNECTION,GENERAL.DEVICE,GENERAL.TYPE device show"
[2024-10-25 10:10:00] [General - ShellExec] [DEBUG] Got exit code 0
[2024-10-25 10:10:00] [General - NetworkUtils] [DEBUG] Found network interfaces: [NMDeviceInfo [connName=static-end1, devName=end1, nmType=NMTYPE_ETHERNET]]
[2024-10-25 10:10:00] [General - NetworkManager] [INFO] Setting STATIC with team 1736 on end1
[2024-10-25 10:10:00] [General - ShellExec] [DEBUG] Executing "cat /etc/hostname | tr -d " \t\n\r""
[2024-10-25 10:10:00] [General - ShellExec] [DEBUG] Got exit code 0
[2024-10-25 10:10:00] [General - NetworkManager] [DEBUG] Old host name: "photonvision"
[2024-10-25 10:10:00] [General - NetworkManager] [DEBUG] New host name: "photonvision"
[2024-10-25 10:10:00] [General - NetworkManager] [INFO] Updating the Static connection static-end1
[2024-10-25 10:10:00] [General - ShellExec] [DEBUG] Executing "nmcli connection modify static-end1 autoconnect yes ipv4.method manual ipv6.method disabled ipv4.addresses 10.17.36.15/8 ipv4.gateway 10.17.36.1 "
[2024-10-25 10:10:00] [General - ShellExec] [DEBUG] Got exit code 0
[2024-10-25 10:10:00] [General - NetworkManager] [INFO] Activating the Static connection static-end1
[2024-10-25 10:10:00] [General - ShellExec] [DEBUG] Executing "nmcli connection up "static-end1""
[2024-10-25 10:10:01] [General - ShellExec] [DEBUG] Got exit code 0
[2024-10-25 10:10:01] [WebServer - Server] [INFO] Web server going down for restart
[2024-10-25 10:10:25] [General - NetworkManager] [WARN] Unexpected connection  active on end1. Expected static-end1
[2024-10-25 10:10:25] [General - NetworkManager] [INFO] Reinitializing
[2024-10-25 10:10:25] [General - ShellExec] [DEBUG] Executing "nmcli -t -f GENERAL.CONNECTION,GENERAL.DEVICE,GENERAL.TYPE device show"
[2024-10-25 10:10:25] [General - ShellExec] [DEBUG] Got exit code 0
[2024-10-25 10:10:25] [General - NetworkUtils] [DEBUG] Found network interfaces: [NMDeviceInfo [connName=static-end1, devName=end1, nmType=NMTYPE_ETHERNET]]
[2024-10-25 10:10:25] [General - NetworkManager] [INFO] Setting STATIC with team 1736 on end1
[2024-10-25 10:10:25] [General - ShellExec] [DEBUG] Executing "cat /etc/hostname | tr -d " \t\n\r""
[2024-10-25 10:10:25] [General - ShellExec] [DEBUG] Got exit code 0
[2024-10-25 10:10:25] [General - NetworkManager] [DEBUG] Old host name: "photonvision"
[2024-10-25 10:10:25] [General - NetworkManager] [DEBUG] New host name: "photonvision"
[2024-10-25 10:10:25] [General - NetworkManager] [INFO] Updating the Static connection static-end1
[2024-10-25 10:10:25] [General - ShellExec] [DEBUG] Executing "nmcli connection modify static-end1 autoconnect yes ipv4.method manual ipv6.method disabled ipv4.addresses 10.17.36.15/8 ipv4.gateway 10.17.36.1 "
[2024-10-25 10:10:25] [General - ShellExec] [DEBUG] Got exit code 0
[2024-10-25 10:10:25] [General - NetworkManager] [INFO] Activating the Static connection static-end1
[2024-10-25 10:10:25] [General - ShellExec] [DEBUG] Executing "nmcli connection up "static-end1""
[2024-10-25 10:10:26] [General - ShellExec] [DEBUG] Got exit code 0
[2024-10-25 10:10:26] [WebServer - Server] [INFO] Web server going down for restart
