[2024-10-25 13:01:57] [General - Main] [INFO] Starting PhotonVision version v2025.1.1 on platform Linux AARCH 64-bit with RK3588
[2024-10-25 13:01:57] [General - Main] [INFO] PhotonVision image version: v2025.0.3;opi5
[2024-10-25 13:02:00] [General - Main] [INFO] WPI JNI libraries loaded.
[2024-10-25 13:02:01] [General - Main] [INFO] photon-targeting JNI libraries loaded.
[2024-10-25 13:02:01] [Camera - RknnDetectorJNI] [INFO] Successfully loaded shared object librga.so
[2024-10-25 13:02:01] [Camera - RknnDetectorJNI] [INFO] Successfully loaded shared object librknnrt.so
[2024-10-25 13:02:01] [Camera - RknnDetectorJNI] [INFO] Successfully loaded shared object librknn_jni.so
[2024-10-25 13:02:01] [Camera - RknnDetectorJNI] [INFO] Successfully loaded shared object libmrcal_jni.so
[2024-10-25 13:02:01] [General - Main] [INFO] Logging initialized in debug mode.
[2024-10-25 13:02:01] [General - Main] [DEBUG] Loading ConfigManager...
[2024-10-25 13:02:01] [Config - SqlConfigProvider] [DEBUG] Using database /opt/photonvision/photonvision_config/photon.sqlite
[2024-10-25 13:02:01] [Config - SqlConfigProvider] [INFO] Using correct database version: 2
[2024-10-25 13:02:01] [Config - SqlConfigProvider] [DEBUG] Loading config...
[2024-10-25 13:02:02] [Config - SqlConfigProvider] [ERROR] Could not deserialize apriltag layout! Loading defaults: Provided empty string for class edu.wpi.first.apriltag.AprilTagFieldLayout
[2024-10-25 13:02:02] [Config - SqlConfigProvider] [ERROR] org.eclipse.jetty.io.EofException: Provided empty string for class edu.wpi.first.apriltag.AprilTagFieldLayout
	at org.photonvision.common.util.file.JacksonUtils.deserialize(JacksonUtils.java:81)
	at org.photonvision.common.configuration.SqlConfigProvider.load(SqlConfigProvider.java:296)
	at org.photonvision.common.configuration.ConfigManager.load(ConfigManager.java:192)
	at org.photonvision.Main.main(Main.java:267)

[2024-10-25 13:02:02] [General - KernelLogLogger] [DEBUG] 2024-10-25T13:02:01.737738+00:00 photonvision kernel: rk_gmac-dwmac fe1c0000.ethernet end1: Link is Up - 100Mbps/Full - flow control rx/tx
[2024-10-25 13:02:02] [General - KernelLogLogger] [DEBUG] 2024-10-25T13:02:01.737775+00:00 photonvision kernel: IPv6: ADDRCONF(NETDEV_CHANGE): end1: link becomes ready
[2024-10-25 13:02:02] [General - KernelLogLogger] [DEBUG] 2024-10-25T13:02:02.431079+00:00 photonvision kernel: platform mtd_vendor_storage: deferred probe pending
[2024-10-25 13:02:02] [General - Main] [INFO] Loading ML models...
[2024-10-25 13:02:02] [Config - NeuralNetworkModelManager] [INFO] Skipping extraction of DNN resource: models/note-640-640-yolov5s.rknn
[2024-10-25 13:02:02] [Config - NeuralNetworkModelManager] [INFO] Skipping extraction of DNN resource: models/note-640-640-yolov5s-labels.txt
[2024-10-25 13:02:02] [Config - NeuralNetworkModelManager] [INFO] Supported backends: [RKNN]
[2024-10-25 13:02:02] [Config - NeuralNetworkModelManager] [INFO] Loaded model note-640-640-yolov5s.rknn for backend RKNN
[2024-10-25 13:02:02] [General - Main] [DEBUG] Loading HardwareManager...
[2024-10-25 13:02:02] [NetworkTables - TimeSyncManager] [DEBUG] Starting TimeSyncClient on localhost (for now)
[2024-10-25 13:02:02] [General - Main] [DEBUG] Loading NetworkManager...
[2024-10-25 13:02:02] [General - ShellExec] [DEBUG] Executing "id -u"
[2024-10-25 13:02:02] [General - ShellExec] [DEBUG] Got exit code 0
[2024-10-25 13:02:02] [General - ShellExec] [DEBUG] Executing "nmcli -t -f GENERAL.CONNECTION,GENERAL.DEVICE,GENERAL.TYPE device show"
[2024-10-25 13:02:02] [General - ShellExec] [DEBUG] Got exit code 0
[2024-10-25 13:02:02] [General - NetworkUtils] [DEBUG] Found network interfaces: [NMDeviceInfo [connName=static-end1, devName=end1, nmType=NMTYPE_ETHERNET]]
[2024-10-25 13:02:02] [General - NetworkManager] [DEBUG] Watching network interface at path: /sys/class/net/end1/carrier
[2024-10-25 13:02:02] [General - NetworkManager] [INFO] Setting STATIC with team 1736 on end1
[2024-10-25 13:02:02] [General - NetworkManager] [INFO] Interface end1 has address(es): [/10.17.36.15/8 [/10.255.255.255]]
[2024-10-25 13:02:02] [General - ShellExec] [DEBUG] Executing "cat /etc/hostname | tr -d " \t\n\r""
[2024-10-25 13:02:02] [General - ShellExec] [DEBUG] Got exit code 0
[2024-10-25 13:02:02] [General - NetworkManager] [DEBUG] Old host name: "photonvision"
[2024-10-25 13:02:02] [General - NetworkManager] [DEBUG] New host name: "photonvision"
[2024-10-25 13:02:02] [General - NetworkManager] [INFO] Updating the Static connection static-end1
[2024-10-25 13:02:02] [General - ShellExec] [DEBUG] Executing "nmcli connection modify static-end1 autoconnect yes ipv4.method manual ipv6.method disabled ipv4.addresses 10.17.36.15/8 ipv4.gateway 10.17.36.1 "
[2024-10-25 13:02:03] [General - ShellExec] [DEBUG] Got exit code 0
[2024-10-25 13:02:03] [General - NetworkManager] [INFO] Activating the Static connection static-end1
[2024-10-25 13:02:03] [General - ShellExec] [DEBUG] Executing "nmcli connection up "static-end1""
[2024-10-25 13:02:03] [General - ShellExec] [DEBUG] Got exit code 0
[2024-10-25 13:02:03] [General - Main] [DEBUG] Loading NetworkTablesManager...
[2024-10-25 13:02:03] [NetworkTables - NetworkTablesManager] [INFO] Starting NT Client, server team is 1736
[2024-10-25 13:02:03] [NetworkTables - NetworkTablesManager] [INFO] NT: INFO 20: starting network client (NetworkClient.cpp:46)
[2024-10-25 13:02:03] [NetworkTables - NetworkTablesManager] [INFO] Starting NT Client, server team is 1736
[2024-10-25 13:02:03] [General - Main] [DEBUG] Loading VisionSourceManager...
[2024-10-25 13:02:03] [NetworkTables - NetworkTablesManager] [ERROR] [NetworkTablesManager] Could not connect to the robot! Will retry in the background...
[2024-10-25 13:02:03] [Camera - VisionSourceManager] [INFO] Registering loaded camera configs
[2024-10-25 13:02:03] [Camera - VisionSourceManager] [DEBUG] Creating VisionSource for CameraConfiguration [uniqueName=3b4a42f3-57f7-49b3-a4c5-266a62aada95, matchedCameraInfo=PVUsbCameraInfo[type=UsbCamera, dev=0, path='/dev/video0', name='ACAM4', otherPaths=[/dev/v4l/by-id/usb-Arducam_Technology_Co.__Ltd._ACAM4_1736.4-video-index0, /dev/v4l/by-path/platform-fc880000.usb-usbv2-0:1:1.0-video-index0, /dev/v4l/by-path/platform-fc880000.usb-usb-0:1:1.0-video-index0], vid=3141, pid=25446, uniquePath='/dev/v4l/by-path/platform-fc880000.usb-usb-0:1:1.0-video-index0'], nickname=ACAM2, deactivated=false, cameraQuirks=QuirkyCamera [baseName=ACAM4, displayName=, usbVid=3141, usbPid=25446, quirks={FPSCap100=false, ArduOV2311Controls=false, AwbRedBlueGain=false, CompletelyBroken=false, InnoOV9281Controls=false, LifeCamControls=false, PsEyeControls=false, ArduOV9281Controls=false, ArduCamCamera=true, AdjustableFocus=false, StickyFPS=true, Gain=true, ArduOV9782Controls=true, See3Cam_24CUG=false, ArduOV9782=false}], FOV=70.0]
[2024-10-25 13:02:03] [Camera - USBCameraSource - ACAM2] [INFO] Quirky camera detected: QuirkyCamera [baseName=ACAM4, displayName=, usbVid=3141, usbPid=25446, quirks={FPSCap100=false, ArduOV2311Controls=false, AwbRedBlueGain=false, CompletelyBroken=false, InnoOV9281Controls=false, LifeCamControls=false, PsEyeControls=false, ArduOV9281Controls=false, ArduCamCamera=true, AdjustableFocus=false, StickyFPS=true, Gain=true, ArduOV9782Controls=true, See3Cam_24CUG=false, ArduOV9782=false}]
[2024-10-25 13:02:03] [CSCore - PvCSCoreLogger] [INFO] ACAM2: Attempting to connect to USB camera on /dev/v4l/by-path/platform-fc880000.usb-usb-0:1:1.0-video-index0
[2024-10-25 13:02:03] [Camera - USBCameraSource - ACAM2] [DEBUG] Using Arducam OV9782 Settables
[2024-10-25 13:02:03] [CSCore - PvCSCoreLogger] [DEBUG] CS: DEBUG 7: ACAM2: opening device (UsbCameraImpl.cpp:651)
[2024-10-25 13:02:03] [Camera - USBCameraSource - ACAM2] [INFO] Created settables org.photonvision.vision.camera.USBCameras.ArduOV9782CameraSettables@38145825
[2024-10-25 13:02:03] [VisionModule - PipelineManager] [DEBUG] Creating AprilTag pipeline
[2024-10-25 13:02:03] [CSCore - PvCSCoreLogger] [INFO] ACAM2: Connected to USB camera on /dev/v4l/by-path/platform-fc880000.usb-usb-0:1:1.0-video-index0
[2024-10-25 13:02:03] [CSCore - PvCSCoreLogger] [DEBUG] CS: DEBUG 7: ACAM2: getting capabilities (UsbCameraImpl.cpp:663)
[2024-10-25 13:02:03] [CSCore - PvCSCoreLogger] [DEBUG] CS: DEBUG 7: ACAM2: caching properties (UsbCameraImpl.cpp:675)
[2024-10-25 13:02:03] [Config - ConfigManager] [DEBUG] Saving to disk...
[2024-10-25 13:02:03] [Config - SqlConfigProvider] [DEBUG] Saving to disk
[2024-10-25 13:02:03] [CSCore - PvCSCoreLogger] [INFO] ACAM2: set format 1 res 320x240
[2024-10-25 13:02:03] [CSCore - PvCSCoreLogger] [DEBUG] CS: DEBUG 7: ACAM2: allocating buffers (UsbCameraImpl.cpp:701)
[2024-10-25 13:02:03] [CSCore - PvCSCoreLogger] [DEBUG] CS: DEBUG 7: ACAM2: mapping buffers (UsbCameraImpl.cpp:715)
[2024-10-25 13:02:03] [CSCore - PvCSCoreLogger] [DEBUG] CS: DEBUG 7: ACAM2: queuing buffers (UsbCameraImpl.cpp:765)
[2024-10-25 13:02:04] [WebServer - DataChangeService] [DEBUG] Added subscriber - Sources: DCS_WEBSOCKET, DCS_HTTP, DCS_NETWORKTABLES, DCS_VISIONMODULE, DCS_OTHER, Destinations: DCD_ACTIVEMODULE, DCD_ACTIVEPIPELINESETTINGS, DCD_GENSETTINGS, DCD_UI, DCD_WEBSERVER, DCD_OTHER
[2024-10-25 13:02:04] [CSCore - PvCSCoreLogger] [DEBUG] CS: DEBUG 10: serve_photonvision_Port_1181_Input_MJPEG_Server: waiting for clients to connect (MjpegServerImpl.cpp:946)
[2024-10-25 13:02:04] [CSCore - PvCSCoreLogger] [DEBUG] CS: DEBUG 10: serve_photonvision_Port_1182_Output_MJPEG_Server: waiting for clients to connect (MjpegServerImpl.cpp:946)
[2024-10-25 13:02:04] [Config - SqlConfigProvider] [INFO] Settings saved!
[2024-10-25 13:02:04] [VisionModule - VisionModule - ACAM2] [INFO] Setting pipeline to 0
[2024-10-25 13:02:04] [VisionModule - VisionModule - ACAM2] [INFO] Pipeline name: New Pipeline
[2024-10-25 13:02:04] [Camera - USBFrameProvider - ACAM2] [INFO] Camera connected! running callback
[2024-10-25 13:02:04] [Camera - VisionSourceManager] [DEBUG] Creating VisionSource for CameraConfiguration [uniqueName=f2a3434b-e18e-4fed-8027-b836e973bde0, matchedCameraInfo=PVUsbCameraInfo[type=UsbCamera, dev=2, path='/dev/video2', name='ACAM1', otherPaths=[/dev/v4l/by-id/usb-Arducam_Technology_Co.__Ltd._ACAM1_1736.1-video-index0, /dev/v4l/by-path/platform-fc800000.usb-usbv2-0:1:1.0-video-index0, /dev/v4l/by-path/platform-fc800000.usb-usb-0:1:1.0-video-index0], vid=3141, pid=25446, uniquePath='/dev/v4l/by-path/platform-fc800000.usb-usb-0:1:1.0-video-index0'], nickname=ACAM3, deactivated=false, cameraQuirks=QuirkyCamera [baseName=ACAM1, displayName=, usbVid=3141, usbPid=25446, quirks={FPSCap100=false, ArduOV2311Controls=false, AwbRedBlueGain=false, CompletelyBroken=false, InnoOV9281Controls=false, LifeCamControls=false, PsEyeControls=false, ArduOV9281Controls=false, ArduCamCamera=true, AdjustableFocus=false, StickyFPS=true, Gain=true, ArduOV9782Controls=true, See3Cam_24CUG=false, ArduOV9782=false}], FOV=70.0]
[2024-10-25 13:02:04] [Camera - USBCameraSource - ACAM3] [INFO] Quirky camera detected: QuirkyCamera [baseName=ACAM1, displayName=, usbVid=3141, usbPid=25446, quirks={FPSCap100=false, ArduOV2311Controls=false, AwbRedBlueGain=false, CompletelyBroken=false, InnoOV9281Controls=false, LifeCamControls=false, PsEyeControls=false, ArduOV9281Controls=false, ArduCamCamera=true, AdjustableFocus=false, StickyFPS=true, Gain=true, ArduOV9782Controls=true, See3Cam_24CUG=false, ArduOV9782=false}]
[2024-10-25 13:02:04] [Camera - USBCameraSource - ACAM3] [DEBUG] Using Arducam OV9782 Settables
[2024-10-25 13:02:04] [Camera - USBCameraSource - ACAM3] [INFO] Created settables org.photonvision.vision.camera.USBCameras.ArduOV9782CameraSettables@36b4091c
[2024-10-25 13:02:04] [CSCore - PvCSCoreLogger] [INFO] ACAM3: Attempting to connect to USB camera on /dev/v4l/by-path/platform-fc800000.usb-usb-0:1:1.0-video-index0
[2024-10-25 13:02:04] [Camera - USBCameraSource - ACAM2] [DEBUG] Cam Properties Dump:
Name: connect_verbose, Kind: kInteger, Value: 2, Min: 0, Max: 1, Dflt: 1, Step: 1
Name: , Kind: kNone, Value: 0, Min: 0, Max: 0, Dflt: 0, Step: 0
Name: raw_brightness, Kind: kInteger, Value: 2, Min: -64, Max: 64, Dflt: 0, Step: 1
Name: brightness, Kind: kInteger, Value: 2, Min: 0, Max: 100, Dflt: 50, Step: 1
Name: raw_contrast, Kind: kInteger, Value: 2, Min: 0, Max: 64, Dflt: 32, Step: 1
Name: contrast, Kind: kInteger, Value: 2, Min: 0, Max: 100, Dflt: 50, Step: 1
Name: raw_saturation, Kind: kInteger, Value: 2, Min: 0, Max: 128, Dflt: 90, Step: 1
Name: saturation, Kind: kInteger, Value: 2, Min: 0, Max: 100, Dflt: 70, Step: 1
Name: raw_hue, Kind: kInteger, Value: 2, Min: -40, Max: 40, Dflt: 0, Step: 1
Name: hue, Kind: kInteger, Value: 2, Min: 0, Max: 100, Dflt: 50, Step: 1
Name: white_balance_automatic, Kind: kBoolean, Value: 1, Min: 0, Max: 1, Dflt: 1, Step: 1
Name: gamma, Kind: kInteger, Value: 2, Min: 72, Max: 500, Dflt: 100, Step: 1
Name: raw_gain, Kind: kInteger, Value: 2, Min: 0, Max: 100, Dflt: 0, Step: 1
Name: gain, Kind: kInteger, Value: 2, Min: 0, Max: 100, Dflt: 0, Step: 1
Name: power_line_frequency, Kind: kEnum, Value: 8, Min: 0, Max: 2, Dflt: 2, Step: 1
Name: white_balance_temperature, Kind: kInteger, Value: 2, Min: 2800, Max: 6500, Dflt: 4600, Step: 1
Name: raw_sharpness, Kind: kInteger, Value: 2, Min: 0, Max: 6, Dflt: 3, Step: 1
Name: sharpness, Kind: kInteger, Value: 2, Min: 0, Max: 100, Dflt: 50, Step: 1
Name: backlight_compensation, Kind: kInteger, Value: 2, Min: 0, Max: 2, Dflt: 1, Step: 1
Name: auto_exposure, Kind: kEnum, Value: 8, Min: 0, Max: 3, Dflt: 3, Step: 1
Name: raw_exposure_time_absolute, Kind: kInteger, Value: 2, Min: 1, Max: 5000, Dflt: 157, Step: 1
Name: exposure_time_absolute, Kind: kInteger, Value: 2, Min: 0, Max: 100, Dflt: 3, Step: 1
Name: exposure_dynamic_framerate, Kind: kBoolean, Value: 1, Min: 0, Max: 1, Dflt: 0, Step: 1

[2024-10-25 13:02:04] [VisionModule - VisionSourceSettables - ACAM2] [INFO] Caching cscore properties
[2024-10-25 13:02:04] [CSCore - PvCSCoreLogger] [DEBUG] CS: DEBUG 7: ACAM3: opening device (UsbCameraImpl.cpp:651)
[2024-10-25 13:02:04] [CSCore - PvCSCoreLogger] [INFO] ACAM3: Connected to USB camera on /dev/v4l/by-path/platform-fc800000.usb-usb-0:1:1.0-video-index0
[2024-10-25 13:02:04] [CSCore - PvCSCoreLogger] [DEBUG] CS: DEBUG 7: ACAM3: getting capabilities (UsbCameraImpl.cpp:663)
[2024-10-25 13:02:04] [CSCore - PvCSCoreLogger] [DEBUG] CS: DEBUG 7: ACAM3: caching properties (UsbCameraImpl.cpp:675)
[2024-10-25 13:02:04] [CSCore - PvCSCoreLogger] [INFO] ACAM3: set format 1 res 320x240
[2024-10-25 13:02:04] [CSCore - PvCSCoreLogger] [DEBUG] CS: DEBUG 7: ACAM3: allocating buffers (UsbCameraImpl.cpp:701)
[2024-10-25 13:02:04] [CSCore - PvCSCoreLogger] [DEBUG] CS: DEBUG 7: ACAM3: mapping buffers (UsbCameraImpl.cpp:715)
[2024-10-25 13:02:04] [CSCore - PvCSCoreLogger] [DEBUG] CS: DEBUG 7: ACAM3: queuing buffers (UsbCameraImpl.cpp:765)
[2024-10-25 13:02:04] [VisionModule - PipelineManager] [DEBUG] Creating AprilTag pipeline
[2024-10-25 13:02:04] [WebServer - DataChangeService] [DEBUG] Added subscriber - Sources: DCS_WEBSOCKET, DCS_HTTP, DCS_NETWORKTABLES, DCS_VISIONMODULE, DCS_OTHER, Destinations: DCD_ACTIVEMODULE, DCD_ACTIVEPIPELINESETTINGS, DCD_GENSETTINGS, DCD_UI, DCD_WEBSERVER, DCD_OTHER
[2024-10-25 13:02:04] [CSCore - PvCSCoreLogger] [DEBUG] CS: DEBUG 10: serve_photonvision_Port_1183_Input_MJPEG_Server: waiting for clients to connect (MjpegServerImpl.cpp:946)
[2024-10-25 13:02:04] [CSCore - PvCSCoreLogger] [DEBUG] CS: DEBUG 10: serve_photonvision_Port_1184_Output_MJPEG_Server: waiting for clients to connect (MjpegServerImpl.cpp:946)
[2024-10-25 13:02:04] [VisionModule - VisionModule - ACAM3] [INFO] Setting pipeline to 0
[2024-10-25 13:02:04] [VisionModule - VisionModule - ACAM3] [INFO] Pipeline name: New Pipeline
[2024-10-25 13:02:04] [Camera - USBFrameProvider - ACAM3] [INFO] Camera connected! running callback
[2024-10-25 13:02:04] [Camera - VisionSourceManager] [DEBUG] Creating VisionSource for CameraConfiguration [uniqueName=755f5b1f-c8cd-4120-b38d-5793b48f9ea9, matchedCameraInfo=PVUsbCameraInfo[type=UsbCamera, dev=4, path='/dev/video4', name='Arducam OV9782 USB Camera', otherPaths=[/dev/v4l/by-id/usb-Arducam_Technology_Co.__Ltd._Arducam_OV9782_USB_Camera_UC852-video-index0, /dev/v4l/by-path/platform-xhci-hcd.11.auto-usbv2-0:1:1.0-video-index0, /dev/v4l/by-path/platform-xhci-hcd.11.auto-usb-0:1:1.0-video-index0], vid=3141, pid=25446, uniquePath='/dev/v4l/by-path/platform-xhci-hcd.11.auto-usb-0:1:1.0-video-index0'], nickname=Arducam_OV9782_USB_Camera, deactivated=false, cameraQuirks=QuirkyCamera [baseName=Arducam OV9782 USB Camera, displayName=, usbVid=3141, usbPid=25446, quirks={FPSCap100=false, ArduOV2311Controls=false, AwbRedBlueGain=false, CompletelyBroken=false, InnoOV9281Controls=false, LifeCamControls=false, PsEyeControls=false, ArduOV9281Controls=false, ArduCamCamera=true, AdjustableFocus=false, Gain=true, StickyFPS=true, ArduOV9782Controls=false, See3Cam_24CUG=false, ArduOV9782=false}], FOV=70.0]
[2024-10-25 13:02:04] [Camera - USBCameraSource - ACAM3] [DEBUG] Cam Properties Dump:
Name: connect_verbose, Kind: kInteger, Value: 2, Min: 0, Max: 1, Dflt: 1, Step: 1
Name: , Kind: kNone, Value: 0, Min: 0, Max: 0, Dflt: 0, Step: 0
Name: raw_brightness, Kind: kInteger, Value: 2, Min: -64, Max: 64, Dflt: 0, Step: 1
Name: brightness, Kind: kInteger, Value: 2, Min: 0, Max: 100, Dflt: 50, Step: 1
Name: raw_contrast, Kind: kInteger, Value: 2, Min: 0, Max: 64, Dflt: 32, Step: 1
Name: contrast, Kind: kInteger, Value: 2, Min: 0, Max: 100, Dflt: 50, Step: 1
Name: raw_saturation, Kind: kInteger, Value: 2, Min: 0, Max: 128, Dflt: 90, Step: 1
Name: saturation, Kind: kInteger, Value: 2, Min: 0, Max: 100, Dflt: 70, Step: 1
Name: raw_hue, Kind: kInteger, Value: 2, Min: -40, Max: 40, Dflt: 0, Step: 1
Name: hue, Kind: kInteger, Value: 2, Min: 0, Max: 100, Dflt: 50, Step: 1
Name: white_balance_automatic, Kind: kBoolean, Value: 1, Min: 0, Max: 1, Dflt: 1, Step: 1
Name: gamma, Kind: kInteger, Value: 2, Min: 72, Max: 500, Dflt: 100, Step: 1
Name: raw_gain, Kind: kInteger, Value: 2, Min: 0, Max: 100, Dflt: 0, Step: 1
Name: gain, Kind: kInteger, Value: 2, Min: 0, Max: 100, Dflt: 0, Step: 1
Name: power_line_frequency, Kind: kEnum, Value: 8, Min: 0, Max: 2, Dflt: 2, Step: 1
Name: white_balance_temperature, Kind: kInteger, Value: 2, Min: 2800, Max: 6500, Dflt: 4600, Step: 1
Name: raw_sharpness, Kind: kInteger, Value: 2, Min: 0, Max: 6, Dflt: 3, Step: 1
Name: sharpness, Kind: kInteger, Value: 2, Min: 0, Max: 100, Dflt: 50, Step: 1
Name: backlight_compensation, Kind: kInteger, Value: 2, Min: 0, Max: 2, Dflt: 1, Step: 1
Name: auto_exposure, Kind: kEnum, Value: 8, Min: 0, Max: 3, Dflt: 3, Step: 1
Name: raw_exposure_time_absolute, Kind: kInteger, Value: 2, Min: 1, Max: 5000, Dflt: 157, Step: 1
Name: exposure_time_absolute, Kind: kInteger, Value: 2, Min: 0, Max: 100, Dflt: 3, Step: 1
Name: exposure_dynamic_framerate, Kind: kBoolean, Value: 1, Min: 0, Max: 1, Dflt: 0, Step: 1

[2024-10-25 13:02:04] [VisionModule - VisionSourceSettables - ACAM3] [INFO] Caching cscore properties
[2024-10-25 13:02:04] [Camera - USBCameraSource - Arducam_OV9782_USB_Camera] [INFO] Quirky camera detected: QuirkyCamera [baseName=Arducam OV9782 USB Camera, displayName=, usbVid=3141, usbPid=25446, quirks={FPSCap100=false, ArduOV2311Controls=false, AwbRedBlueGain=false, CompletelyBroken=false, InnoOV9281Controls=false, LifeCamControls=false, PsEyeControls=false, ArduOV9281Controls=false, ArduCamCamera=true, AdjustableFocus=false, Gain=true, StickyFPS=true, ArduOV9782Controls=false, See3Cam_24CUG=false, ArduOV9782=false}]
[2024-10-25 13:02:04] [CSCore - PvCSCoreLogger] [INFO] Arducam_OV9782_USB_Camera: Attempting to connect to USB camera on /dev/v4l/by-path/platform-xhci-hcd.11.auto-usb-0:1:1.0-video-index0
[2024-10-25 13:02:04] [Camera - USBCameraSource - Arducam_OV9782_USB_Camera] [DEBUG] Using Generic USB Cam Settables
[2024-10-25 13:02:04] [CSCore - PvCSCoreLogger] [DEBUG] CS: DEBUG 7: Arducam_OV9782_USB_Camera: opening device (UsbCameraImpl.cpp:651)
[2024-10-25 13:02:04] [Camera - USBCameraSource - Arducam_OV9782_USB_Camera] [INFO] Created settables org.photonvision.vision.camera.USBCameras.GenericUSBCameraSettables@3403e2ac
[2024-10-25 13:02:04] [CSCore - PvCSCoreLogger] [INFO] Arducam_OV9782_USB_Camera: Connected to USB camera on /dev/v4l/by-path/platform-xhci-hcd.11.auto-usb-0:1:1.0-video-index0
[2024-10-25 13:02:04] [CSCore - PvCSCoreLogger] [DEBUG] CS: DEBUG 7: Arducam_OV9782_USB_Camera: getting capabilities (UsbCameraImpl.cpp:663)
[2024-10-25 13:02:04] [CSCore - PvCSCoreLogger] [DEBUG] CS: DEBUG 7: Arducam_OV9782_USB_Camera: caching properties (UsbCameraImpl.cpp:675)
[2024-10-25 13:02:04] [CSCore - PvCSCoreLogger] [INFO] Arducam_OV9782_USB_Camera: set format 1 res 320x240
[2024-10-25 13:02:04] [CSCore - PvCSCoreLogger] [DEBUG] CS: DEBUG 7: Arducam_OV9782_USB_Camera: allocating buffers (UsbCameraImpl.cpp:701)
[2024-10-25 13:02:04] [CSCore - PvCSCoreLogger] [DEBUG] CS: DEBUG 7: Arducam_OV9782_USB_Camera: mapping buffers (UsbCameraImpl.cpp:715)
[2024-10-25 13:02:04] [CSCore - PvCSCoreLogger] [DEBUG] CS: DEBUG 7: Arducam_OV9782_USB_Camera: queuing buffers (UsbCameraImpl.cpp:765)
[2024-10-25 13:02:04] [WebServer - DataChangeService] [DEBUG] Added subscriber - Sources: DCS_WEBSOCKET, DCS_HTTP, DCS_NETWORKTABLES, DCS_VISIONMODULE, DCS_OTHER, Destinations: DCD_ACTIVEMODULE, DCD_ACTIVEPIPELINESETTINGS, DCD_GENSETTINGS, DCD_UI, DCD_WEBSERVER, DCD_OTHER
[2024-10-25 13:02:04] [CSCore - PvCSCoreLogger] [DEBUG] CS: DEBUG 10: serve_photonvision_Port_1185_Input_MJPEG_Server: waiting for clients to connect (MjpegServerImpl.cpp:946)
[2024-10-25 13:02:04] [CSCore - PvCSCoreLogger] [DEBUG] CS: DEBUG 10: serve_photonvision_Port_1186_Output_MJPEG_Server: waiting for clients to connect (MjpegServerImpl.cpp:946)
[2024-10-25 13:02:04] [VisionModule - VisionModule - Arducam_OV9782_USB_Camera] [INFO] Setting pipeline to -1
[2024-10-25 13:02:04] [VisionModule - VisionModule - Arducam_OV9782_USB_Camera] [INFO] Pipeline name: Driver Mode
[2024-10-25 13:02:04] [Camera - USBFrameProvider - Arducam_OV9782_USB_Camera] [INFO] Camera connected! running callback
[2024-10-25 13:02:04] [Camera - USBCameraSource - Arducam_OV9782_USB_Camera] [DEBUG] Cam Properties Dump:
Name: connect_verbose, Kind: kInteger, Value: 2, Min: 0, Max: 1, Dflt: 1, Step: 1
Name: , Kind: kNone, Value: 0, Min: 0, Max: 0, Dflt: 0, Step: 0
Name: raw_brightness, Kind: kInteger, Value: 2, Min: -64, Max: 64, Dflt: 0, Step: 1
Name: brightness, Kind: kInteger, Value: 2, Min: 0, Max: 100, Dflt: 50, Step: 1
Name: raw_contrast, Kind: kInteger, Value: 2, Min: 0, Max: 64, Dflt: 32, Step: 1
Name: contrast, Kind: kInteger, Value: 2, Min: 0, Max: 100, Dflt: 50, Step: 1
Name: raw_saturation, Kind: kInteger, Value: 2, Min: 0, Max: 128, Dflt: 90, Step: 1
Name: saturation, Kind: kInteger, Value: 2, Min: 0, Max: 100, Dflt: 70, Step: 1
Name: raw_hue, Kind: kInteger, Value: 2, Min: -40, Max: 40, Dflt: 0, Step: 1
Name: hue, Kind: kInteger, Value: 2, Min: 0, Max: 100, Dflt: 50, Step: 1
Name: white_balance_automatic, Kind: kBoolean, Value: 1, Min: 0, Max: 1, Dflt: 1, Step: 1
Name: gamma, Kind: kInteger, Value: 2, Min: 72, Max: 500, Dflt: 100, Step: 1
Name: raw_gain, Kind: kInteger, Value: 2, Min: 0, Max: 100, Dflt: 0, Step: 1
Name: gain, Kind: kInteger, Value: 2, Min: 0, Max: 100, Dflt: 0, Step: 1
Name: power_line_frequency, Kind: kEnum, Value: 8, Min: 0, Max: 2, Dflt: 2, Step: 1
Name: white_balance_temperature, Kind: kInteger, Value: 2, Min: 2800, Max: 6500, Dflt: 4600, Step: 1
Name: raw_sharpness, Kind: kInteger, Value: 2, Min: 0, Max: 6, Dflt: 3, Step: 1
Name: sharpness, Kind: kInteger, Value: 2, Min: 0, Max: 100, Dflt: 50, Step: 1
Name: backlight_compensation, Kind: kInteger, Value: 2, Min: 0, Max: 2, Dflt: 1, Step: 1
Name: auto_exposure, Kind: kEnum, Value: 8, Min: 0, Max: 3, Dflt: 3, Step: 1
Name: raw_exposure_time_absolute, Kind: kInteger, Value: 2, Min: 1, Max: 5000, Dflt: 157, Step: 1
Name: exposure_time_absolute, Kind: kInteger, Value: 2, Min: 0, Max: 100, Dflt: 3, Step: 1
Name: exposure_dynamic_framerate, Kind: kBoolean, Value: 1, Min: 0, Max: 1, Dflt: 0, Step: 1

[2024-10-25 13:02:04] [VisionModule - VisionSourceSettables - Arducam_OV9782_USB_Camera] [INFO] Caching cscore properties
[2024-10-25 13:02:04] [VisionModule - VisionSourceSettables - Arducam_OV9782_USB_Camera] [DEBUG] No property image_stabilization for Arducam_OV9782_USB_Camera , skipping.
[2024-10-25 13:02:04] [VisionModule - VisionSourceSettables - ACAM2] [DEBUG] No property exposure_metering_mode for ACAM2 , skipping.
[2024-10-25 13:02:04] [Camera - VisionSourceManager] [INFO] Finished registering loaded camera configs! Started 3 active VisionModules, with 3 disabled VisionModules
[2024-10-25 13:02:04] [General - Main] [INFO] Starting server...
[2024-10-25 13:02:04] [WebServer - DataChangeService] [DEBUG] Added subscriber - Sources: DCS_WEBSOCKET, DCS_HTTP, DCS_NETWORKTABLES, DCS_VISIONMODULE, DCS_OTHER, Destinations: DCD_WEBSERVER
[2024-10-25 13:02:04] [VisionModule - VisionSourceSettables - ACAM2] [INFO] Setting video mode to FPS: 15 Width: 1280 Height: 720 Pixel Format: kMJPEG
[2024-10-25 13:02:04] [CSCore - PvCSCoreLogger] [INFO] ACAM2: Attempting to connect to USB camera on /dev/v4l/by-path/platform-fc880000.usb-usb-0:1:1.0-video-index0
[2024-10-25 13:02:04] [CSCore - PvCSCoreLogger] [DEBUG] CS: DEBUG 7: ACAM2: opening device (UsbCameraImpl.cpp:651)
[2024-10-25 13:02:04] [CSCore - PvCSCoreLogger] [INFO] ACAM2: Connected to USB camera on /dev/v4l/by-path/platform-fc880000.usb-usb-0:1:1.0-video-index0
[2024-10-25 13:02:04] [CSCore - PvCSCoreLogger] [DEBUG] CS: DEBUG 7: ACAM2: getting capabilities (UsbCameraImpl.cpp:663)
[2024-10-25 13:02:04] [CSCore - PvCSCoreLogger] [DEBUG] CS: DEBUG 7: ACAM2: restoring video mode (UsbCameraImpl.cpp:681)
[2024-10-25 13:02:05] [WebServer - DataChangeService] [DEBUG] Added subscriber - Sources: DCS_WEBSOCKET, DCS_HTTP, DCS_NETWORKTABLES, DCS_VISIONMODULE, DCS_OTHER, Destinations: DCD_UI
[2024-10-25 13:02:05] [WebServer - DataChangeService] [DEBUG] Added subscriber - Sources: DCS_WEBSOCKET, Destinations: DCD_GENSETTINGS
[2024-10-25 13:02:05] [VisionModule - VisionSourceSettables - ACAM3] [DEBUG] No property exposure_metering_mode for ACAM3 , skipping.
[2024-10-25 13:02:05] [VisionModule - VisionSourceSettables - Arducam_OV9782_USB_Camera] [DEBUG] No property scene_mode for Arducam_OV9782_USB_Camera , skipping.
[2024-10-25 13:02:05] [VisionModule - VisionSourceSettables - Arducam_OV9782_USB_Camera] [DEBUG] No property exposure_metering_mode for Arducam_OV9782_USB_Camera , skipping.
[2024-10-25 13:02:05] [VisionModule - VisionSourceSettables - ACAM3] [INFO] Setting video mode to FPS: 15 Width: 1280 Height: 720 Pixel Format: kMJPEG
[2024-10-25 13:02:05] [CSCore - PvCSCoreLogger] [INFO] ACAM3: Attempting to connect to USB camera on /dev/v4l/by-path/platform-fc800000.usb-usb-0:1:1.0-video-index0
[2024-10-25 13:02:05] [CSCore - PvCSCoreLogger] [DEBUG] CS: DEBUG 7: ACAM3: opening device (UsbCameraImpl.cpp:651)
[2024-10-25 13:02:05] [CSCore - PvCSCoreLogger] [INFO] ACAM3: Connected to USB camera on /dev/v4l/by-path/platform-fc800000.usb-usb-0:1:1.0-video-index0
[2024-10-25 13:02:05] [CSCore - PvCSCoreLogger] [DEBUG] CS: DEBUG 7: ACAM3: getting capabilities (UsbCameraImpl.cpp:663)
[2024-10-25 13:02:05] [CSCore - PvCSCoreLogger] [DEBUG] CS: DEBUG 7: ACAM3: restoring video mode (UsbCameraImpl.cpp:681)
[2024-10-25 13:02:05] [VisionModule - VisionSourceSettables - Arducam_OV9782_USB_Camera] [DEBUG] No property focus_auto for Arducam_OV9782_USB_Camera , skipping.
[2024-10-25 13:02:05] [VisionModule - VisionSourceSettables - Arducam_OV9782_USB_Camera] [DEBUG] No property focus_absolute for Arducam_OV9782_USB_Camera , skipping.
[2024-10-25 13:02:05] [VisionModule - VisionSourceSettables - Arducam_OV9782_USB_Camera] [INFO] Setting video mode to FPS: 30 Width: 320 Height: 240 Pixel Format: kMJPEG
[2024-10-25 13:02:05] [CSCore - PvCSCoreLogger] [INFO] ACAM2: set format 1 res 1280x720
[2024-10-25 13:02:05] [CSCore - PvCSCoreLogger] [INFO] ACAM2: set FPS to 15
[2024-10-25 13:02:05] [CSCore - PvCSCoreLogger] [DEBUG] CS: DEBUG 7: ACAM2: restoring settings (UsbCameraImpl.cpp:686)
[2024-10-25 13:02:05] [CSCore - PvCSCoreLogger] [DEBUG] CS: DEBUG 7: ACAM2: allocating buffers (UsbCameraImpl.cpp:701)
[2024-10-25 13:02:05] [CSCore - PvCSCoreLogger] [DEBUG] CS: DEBUG 7: ACAM2: mapping buffers (UsbCameraImpl.cpp:715)
[2024-10-25 13:02:05] [CSCore - PvCSCoreLogger] [DEBUG] CS: DEBUG 7: ACAM2: queuing buffers (UsbCameraImpl.cpp:765)
[2024-10-25 13:02:05] [CSCore - PvCSCoreLogger] [INFO] ACAM3: set format 1 res 1280x720
[2024-10-25 13:02:05] [CSCore - PvCSCoreLogger] [INFO] ACAM3: set FPS to 15
[2024-10-25 13:02:05] [CSCore - PvCSCoreLogger] [DEBUG] CS: DEBUG 7: ACAM3: restoring settings (UsbCameraImpl.cpp:686)
[2024-10-25 13:02:05] [CSCore - PvCSCoreLogger] [INFO] Arducam_OV9782_USB_Camera: set FPS to 30
[2024-10-25 13:02:05] [CSCore - PvCSCoreLogger] [DEBUG] CS: DEBUG 7: Arducam_OV9782_USB_Camera: queuing buffers (UsbCameraImpl.cpp:765)
[2024-10-25 13:02:05] [CSCore - PvCSCoreLogger] [DEBUG] CS: DEBUG 7: ACAM3: allocating buffers (UsbCameraImpl.cpp:701)
[2024-10-25 13:02:05] [CSCore - PvCSCoreLogger] [DEBUG] CS: DEBUG 7: ACAM3: mapping buffers (UsbCameraImpl.cpp:715)
[2024-10-25 13:02:05] [CSCore - PvCSCoreLogger] [DEBUG] CS: DEBUG 7: ACAM3: queuing buffers (UsbCameraImpl.cpp:765)
[2024-10-25 13:02:06] [VisionModule - VisionSourceSettables - ACAM2] [DEBUG] Failed to set video mode!
[2024-10-25 13:02:06] [Config - ConfigManager] [DEBUG] Saving to disk...
[2024-10-25 13:02:06] [Config - SqlConfigProvider] [DEBUG] Saving to disk
[2024-10-25 13:02:06] [VisionModule - VisionSourceSettables - ACAM2] [DEBUG] Setting property raw_exposure_time_absolute to 5 (user requested 5.0 μs)
[2024-10-25 13:02:06] [VisionModule - VisionSourceSettables - ACAM2] [DEBUG] Setting auto exposure to false
[2024-10-25 13:02:06] [VisionModule - VisionSourceSettables - ACAM2] [DEBUG] No property auto_exposure_bias for ACAM2 , skipping.
[2024-10-25 13:02:06] [VisionModule - VisionSourceSettables - ACAM2] [DEBUG] No property iso_sensitivity_auto for ACAM2 , skipping.
[2024-10-25 13:02:06] [VisionModule - VisionSourceSettables - ACAM2] [DEBUG] No property iso_sensitivity for ACAM2 , skipping.
[2024-10-25 13:02:06] [VisionModule - VisionSourceSettables - ACAM2] [DEBUG] Setting property raw_exposure_time_absolute to 5 (user requested 5.0 μs)
[2024-10-25 13:02:06] [VisionModule - VisionSourceSettables - ACAM2] [DEBUG] No property gain_automatic for ACAM2 , skipping.
[2024-10-25 13:02:06] [VisionModule - VisionSourceSettables - ACAM2] [DEBUG] Setting property white_balance_temperature to 4000 (user requested 4000 degrees)
[2024-10-25 13:02:06] [VisionModule - VisionSourceSettables - ACAM2] [DEBUG] Setting auto white balance to false
[2024-10-25 13:02:06] [Config - SqlConfigProvider] [INFO] Settings saved!
[2024-10-25 13:02:06] [VisionModule - VisionSourceSettables - Arducam_OV9782_USB_Camera] [DEBUG] Failed to set video mode!
[2024-10-25 13:02:06] [VisionModule - VisionSourceSettables - ACAM3] [DEBUG] Failed to set video mode!
[2024-10-25 13:02:06] [VisionModule - VisionSourceSettables - ACAM3] [DEBUG] Setting property raw_exposure_time_absolute to 5 (user requested 5.0 μs)
[2024-10-25 13:02:06] [VisionModule - VisionSourceSettables - ACAM3] [DEBUG] Setting auto exposure to false
[2024-10-25 13:02:06] [VisionModule - VisionSourceSettables - ACAM3] [DEBUG] No property auto_exposure_bias for ACAM3 , skipping.
[2024-10-25 13:02:06] [VisionModule - VisionSourceSettables - ACAM3] [DEBUG] No property iso_sensitivity_auto for ACAM3 , skipping.
[2024-10-25 13:02:06] [VisionModule - VisionSourceSettables - ACAM3] [DEBUG] No property iso_sensitivity for ACAM3 , skipping.
[2024-10-25 13:02:06] [VisionModule - VisionSourceSettables - ACAM3] [DEBUG] Setting property raw_exposure_time_absolute to 5 (user requested 5.0 μs)
[2024-10-25 13:02:06] [VisionModule - VisionSourceSettables - ACAM3] [DEBUG] No property gain_automatic for ACAM3 , skipping.
[2024-10-25 13:02:06] [VisionModule - VisionSourceSettables - ACAM3] [DEBUG] Setting property white_balance_temperature to 4000 (user requested 4000 degrees)
[2024-10-25 13:02:06] [VisionModule - VisionSourceSettables - ACAM3] [DEBUG] Setting auto white balance to false
[2024-10-25 13:02:06] [VisionModule - VisionSourceSettables - Arducam_OV9782_USB_Camera] [DEBUG] Setting property raw_exposure_time_absolute to 20 (user requested 20.0 μs)
[2024-10-25 13:02:06] [VisionModule - VisionSourceSettables - Arducam_OV9782_USB_Camera] [DEBUG] Setting auto exposure to true
[2024-10-25 13:02:06] [VisionModule - VisionSourceSettables - Arducam_OV9782_USB_Camera] [DEBUG] No property auto_exposure_bias for Arducam_OV9782_USB_Camera , skipping.
[2024-10-25 13:02:06] [VisionModule - VisionSourceSettables - Arducam_OV9782_USB_Camera] [DEBUG] No property iso_sensitivity_auto for Arducam_OV9782_USB_Camera , skipping.
[2024-10-25 13:02:06] [VisionModule - VisionSourceSettables - Arducam_OV9782_USB_Camera] [DEBUG] No property iso_sensitivity for Arducam_OV9782_USB_Camera , skipping.
[2024-10-25 13:02:06] [VisionModule - VisionSourceSettables - Arducam_OV9782_USB_Camera] [DEBUG] No property gain_automatic for Arducam_OV9782_USB_Camera , skipping.
[2024-10-25 13:02:06] [VisionModule - VisionSourceSettables - Arducam_OV9782_USB_Camera] [DEBUG] Setting property white_balance_temperature to 4000 (user requested 4000 degrees)
[2024-10-25 13:02:06] [VisionModule - VisionSourceSettables - Arducam_OV9782_USB_Camera] [DEBUG] Setting auto white balance to true
[2024-10-25 13:02:14] [NetworkTables - NetworkTablesManager] [INFO] NT: INFO 20: CONNECTED NT4 to 10.17.36.2 port 5810 (NetworkClient.cpp:413)
[2024-10-25 13:02:14] [NetworkTables - NetworkTablesManager] [INFO] NT connected to 10.17.36.2:5810! (NT version 1025)
[2024-10-25 13:02:14] [General - ScriptManager] [INFO] Queued event: kNTConnected
[2024-10-25 13:02:14] [NetworkTables - TimeSyncManager] [DEBUG] NT (re)connected -- restarting Time Sync Client at 127.0.0.1:5810
[2024-10-25 13:02:15] [NetworkTables - TimeSyncManager] [DEBUG] Changing TimeSyncClient server to 10.17.36.2
[2024-10-25 13:04:47] [General - NetworkManager] [WARN] Unexpected connection  active on end1. Expected static-end1
[2024-10-25 13:04:47] [General - NetworkManager] [INFO] Reinitializing
[2024-10-25 13:04:47] [General - ShellExec] [DEBUG] Executing "nmcli -t -f GENERAL.CONNECTION,GENERAL.DEVICE,GENERAL.TYPE device show"
[2024-10-25 13:04:47] [General - ShellExec] [DEBUG] Got exit code 0
[2024-10-25 13:04:47] [General - NetworkUtils] [DEBUG] Found network interfaces: [NMDeviceInfo [connName=static-end1, devName=end1, nmType=NMTYPE_ETHERNET]]
[2024-10-25 13:04:47] [General - NetworkManager] [INFO] Setting STATIC with team 1736 on end1
[2024-10-25 13:04:47] [General - ShellExec] [DEBUG] Executing "cat /etc/hostname | tr -d " \t\n\r""
[2024-10-25 13:04:47] [General - ShellExec] [DEBUG] Got exit code 0
[2024-10-25 13:04:47] [General - NetworkManager] [DEBUG] Old host name: "photonvision"
[2024-10-25 13:04:47] [General - NetworkManager] [DEBUG] New host name: "photonvision"
[2024-10-25 13:04:47] [General - NetworkManager] [INFO] Updating the Static connection static-end1
[2024-10-25 13:04:47] [General - ShellExec] [DEBUG] Executing "nmcli connection modify static-end1 autoconnect yes ipv4.method manual ipv6.method disabled ipv4.addresses 10.17.36.15/8 ipv4.gateway 10.17.36.1 "
[2024-10-25 13:04:48] [General - ShellExec] [DEBUG] Got exit code 0
[2024-10-25 13:04:48] [General - NetworkManager] [INFO] Activating the Static connection static-end1
[2024-10-25 13:04:48] [General - ShellExec] [DEBUG] Executing "nmcli connection up "static-end1""
[2024-10-25 13:04:49] [General - ShellExec] [DEBUG] Got exit code 0
[2024-10-25 13:04:49] [WebServer - Server] [INFO] Web server going down for restart
[2024-10-25 13:05:12] [General - NetworkManager] [WARN] Unexpected connection  active on end1. Expected static-end1
[2024-10-25 13:05:12] [General - NetworkManager] [INFO] Reinitializing
[2024-10-25 13:05:12] [General - ShellExec] [DEBUG] Executing "nmcli -t -f GENERAL.CONNECTION,GENERAL.DEVICE,GENERAL.TYPE device show"
[2024-10-25 13:05:12] [General - ShellExec] [DEBUG] Got exit code 0
[2024-10-25 13:05:12] [General - NetworkUtils] [DEBUG] Found network interfaces: [NMDeviceInfo [connName=static-end1, devName=end1, nmType=NMTYPE_ETHERNET]]
[2024-10-25 13:05:12] [General - NetworkManager] [INFO] Setting STATIC with team 1736 on end1
[2024-10-25 13:05:12] [General - ShellExec] [DEBUG] Executing "cat /etc/hostname | tr -d " \t\n\r""
[2024-10-25 13:05:12] [General - ShellExec] [DEBUG] Got exit code 0
[2024-10-25 13:05:12] [General - NetworkManager] [DEBUG] Old host name: "photonvision"
[2024-10-25 13:05:12] [General - NetworkManager] [DEBUG] New host name: "photonvision"
[2024-10-25 13:05:12] [General - NetworkManager] [INFO] Updating the Static connection static-end1
[2024-10-25 13:05:12] [General - ShellExec] [DEBUG] Executing "nmcli connection modify static-end1 autoconnect yes ipv4.method manual ipv6.method disabled ipv4.addresses 10.17.36.15/8 ipv4.gateway 10.17.36.1 "
[2024-10-25 13:05:13] [General - ShellExec] [DEBUG] Got exit code 0
[2024-10-25 13:05:13] [General - NetworkManager] [INFO] Activating the Static connection static-end1
[2024-10-25 13:05:13] [General - ShellExec] [DEBUG] Executing "nmcli connection up "static-end1""
[2024-10-25 13:05:13] [General - ShellExec] [DEBUG] Got exit code 0
[2024-10-25 13:05:13] [WebServer - Server] [INFO] Web server going down for restart
[2024-10-25 13:09:08] [CSCore - PvCSCoreLogger] [ERROR] CS: ERROR 40: ioctl VIDIOC_DQBUF failed at UsbCameraImpl.cpp:529: No such device (UsbUtil.cpp:157)
[2024-10-25 13:09:08] [CSCore - PvCSCoreLogger] [WARN] CS: WARNING 30: Arducam_OV9782_USB_Camera: could not dequeue buffer (UsbCameraImpl.cpp:530)
[2024-10-25 13:09:08] [CSCore - PvCSCoreLogger] [ERROR] CS: ERROR 40: ioctl VIDIOC_STREAMOFF failed at UsbCameraImpl.cpp:807: No such device (UsbUtil.cpp:157)
[2024-10-25 13:09:08] [CSCore - PvCSCoreLogger] [INFO] Arducam_OV9782_USB_Camera: Attempting to connect to USB camera on /dev/v4l/by-path/platform-xhci-hcd.11.auto-usb-0:1:1.0-video-index0
[2024-10-25 13:09:08] [CSCore - PvCSCoreLogger] [DEBUG] CS: DEBUG 7: Arducam_OV9782_USB_Camera: opening device (UsbCameraImpl.cpp:651)
[2024-10-25 13:09:08] [CSCore - PvCSCoreLogger] [INFO] Arducam_OV9782_USB_Camera: Attempting to connect to USB camera on /dev/v4l/by-path/platform-xhci-hcd.11.auto-usb-0:1:1.0-video-index0
[2024-10-25 13:09:08] [CSCore - PvCSCoreLogger] [DEBUG] CS: DEBUG 7: Arducam_OV9782_USB_Camera: opening device (UsbCameraImpl.cpp:651)
[2024-10-25 13:09:08] [CSCore - PvCSCoreLogger] [INFO] Arducam_OV9782_USB_Camera: Attempting to connect to USB camera on /dev/v4l/by-path/platform-xhci-hcd.11.auto-usb-0:1:1.0-video-index0
[2024-10-25 13:09:08] [CSCore - PvCSCoreLogger] [DEBUG] CS: DEBUG 7: Arducam_OV9782_USB_Camera: opening device (UsbCameraImpl.cpp:651)
[2024-10-25 13:09:08] [General - KernelLogLogger] [DEBUG] 2024-10-25T13:09:08.411039+00:00 photonvision kernel: usb 7-1: USB disconnect, device number 2
[2024-10-25 13:09:08] [Camera - USBFrameProvider - Arducam_OV9782_USB_Camera] [ERROR] Error grabbing image: timed out getting frame
[2024-10-25 13:09:08] [CSCore - PvCSCoreLogger] [INFO] Arducam_OV9782_USB_Camera: Attempting to connect to USB camera on /dev/v4l/by-path/platform-xhci-hcd.11.auto-usb-0:1:1.0-video-index0
[2024-10-25 13:09:08] [CSCore - PvCSCoreLogger] [DEBUG] CS: DEBUG 7: Arducam_OV9782_USB_Camera: opening device (UsbCameraImpl.cpp:651)
[2024-10-25 13:09:08] [Camera - USBFrameProvider - Arducam_OV9782_USB_Camera] [ERROR] Error grabbing image: timed out getting frame
[2024-10-25 13:09:09] [CSCore - PvCSCoreLogger] [INFO] Arducam_OV9782_USB_Camera: Attempting to connect to USB camera on /dev/v4l/by-path/platform-xhci-hcd.11.auto-usb-0:1:1.0-video-index0
[2024-10-25 13:09:09] [CSCore - PvCSCoreLogger] [DEBUG] CS: DEBUG 7: Arducam_OV9782_USB_Camera: opening device (UsbCameraImpl.cpp:651)
[2024-10-25 13:09:09] [Camera - USBFrameProvider - Arducam_OV9782_USB_Camera] [ERROR] Error grabbing image: timed out getting frame
[2024-10-25 13:09:09] [CSCore - PvCSCoreLogger] [INFO] Arducam_OV9782_USB_Camera: Attempting to connect to USB camera on /dev/v4l/by-path/platform-xhci-hcd.11.auto-usb-0:1:1.0-video-index0
[2024-10-25 13:09:09] [CSCore - PvCSCoreLogger] [DEBUG] CS: DEBUG 7: Arducam_OV9782_USB_Camera: opening device (UsbCameraImpl.cpp:651)
[2024-10-25 13:09:09] [Camera - USBFrameProvider - Arducam_OV9782_USB_Camera] [ERROR] Error grabbing image: timed out getting frame
[2024-10-25 13:09:09] [CSCore - PvCSCoreLogger] [INFO] Arducam_OV9782_USB_Camera: Attempting to connect to USB camera on /dev/v4l/by-path/platform-xhci-hcd.11.auto-usb-0:1:1.0-video-index0
[2024-10-25 13:09:09] [CSCore - PvCSCoreLogger] [DEBUG] CS: DEBUG 7: Arducam_OV9782_USB_Camera: opening device (UsbCameraImpl.cpp:651)
[2024-10-25 13:09:09] [Camera - USBFrameProvider - Arducam_OV9782_USB_Camera] [ERROR] Error grabbing image: timed out getting frame
[2024-10-25 13:09:09] [CSCore - PvCSCoreLogger] [INFO] Arducam_OV9782_USB_Camera: Attempting to connect to USB camera on /dev/v4l/by-path/platform-xhci-hcd.11.auto-usb-0:1:1.0-video-index0
[2024-10-25 13:09:09] [CSCore - PvCSCoreLogger] [DEBUG] CS: DEBUG 7: Arducam_OV9782_USB_Camera: opening device (UsbCameraImpl.cpp:651)
[2024-10-25 13:09:10] [Camera - USBFrameProvider - Arducam_OV9782_USB_Camera] [ERROR] Error grabbing image: timed out getting frame
[2024-10-25 13:09:10] [CSCore - PvCSCoreLogger] [INFO] Arducam_OV9782_USB_Camera: Attempting to connect to USB camera on /dev/v4l/by-path/platform-xhci-hcd.11.auto-usb-0:1:1.0-video-index0
[2024-10-25 13:09:10] [CSCore - PvCSCoreLogger] [DEBUG] CS: DEBUG 7: Arducam_OV9782_USB_Camera: opening device (UsbCameraImpl.cpp:651)
[2024-10-25 13:09:10] [Camera - USBFrameProvider - Arducam_OV9782_USB_Camera] [ERROR] Error grabbing image: timed out getting frame
[2024-10-25 13:09:10] [CSCore - PvCSCoreLogger] [INFO] Arducam_OV9782_USB_Camera: Attempting to connect to USB camera on /dev/v4l/by-path/platform-xhci-hcd.11.auto-usb-0:1:1.0-video-index0
[2024-10-25 13:09:10] [CSCore - PvCSCoreLogger] [DEBUG] CS: DEBUG 7: Arducam_OV9782_USB_Camera: opening device (UsbCameraImpl.cpp:651)
[2024-10-25 13:09:10] [Camera - USBFrameProvider - Arducam_OV9782_USB_Camera] [ERROR] Error grabbing image: timed out getting frame
[2024-10-25 13:09:10] [CSCore - PvCSCoreLogger] [INFO] Arducam_OV9782_USB_Camera: Attempting to connect to USB camera on /dev/v4l/by-path/platform-xhci-hcd.11.auto-usb-0:1:1.0-video-index0
[2024-10-25 13:09:10] [CSCore - PvCSCoreLogger] [DEBUG] CS: DEBUG 7: Arducam_OV9782_USB_Camera: opening device (UsbCameraImpl.cpp:651)
[2024-10-25 13:09:10] [Camera - USBFrameProvider - Arducam_OV9782_USB_Camera] [ERROR] Error grabbing image: timed out getting frame
[2024-10-25 13:09:11] [Camera - USBFrameProvider - Arducam_OV9782_USB_Camera] [ERROR] Error grabbing image: timed out getting frame
[2024-10-25 13:09:11] [CSCore - PvCSCoreLogger] [INFO] Arducam_OV9782_USB_Camera: Attempting to connect to USB camera on /dev/v4l/by-path/platform-xhci-hcd.11.auto-usb-0:1:1.0-video-index0
[2024-10-25 13:09:11] [CSCore - PvCSCoreLogger] [DEBUG] CS: DEBUG 7: Arducam_OV9782_USB_Camera: opening device (UsbCameraImpl.cpp:651)
[2024-10-25 13:09:11] [Camera - USBFrameProvider - Arducam_OV9782_USB_Camera] [ERROR] Error grabbing image: timed out getting frame
[2024-10-25 13:09:11] [CSCore - PvCSCoreLogger] [INFO] Arducam_OV9782_USB_Camera: Attempting to connect to USB camera on /dev/v4l/by-path/platform-xhci-hcd.11.auto-usb-0:1:1.0-video-index0
[2024-10-25 13:09:11] [CSCore - PvCSCoreLogger] [DEBUG] CS: DEBUG 7: Arducam_OV9782_USB_Camera: opening device (UsbCameraImpl.cpp:651)
[2024-10-25 13:09:11] [Camera - USBFrameProvider - Arducam_OV9782_USB_Camera] [ERROR] Error grabbing image: timed out getting frame
[2024-10-25 13:09:11] [CSCore - PvCSCoreLogger] [INFO] Arducam_OV9782_USB_Camera: Attempting to connect to USB camera on /dev/v4l/by-path/platform-xhci-hcd.11.auto-usb-0:1:1.0-video-index0
[2024-10-25 13:09:11] [CSCore - PvCSCoreLogger] [DEBUG] CS: DEBUG 7: Arducam_OV9782_USB_Camera: opening device (UsbCameraImpl.cpp:651)
[2024-10-25 13:09:11] [Camera - USBFrameProvider - Arducam_OV9782_USB_Camera] [ERROR] Error grabbing image: timed out getting frame
[2024-10-25 13:09:12] [CSCore - PvCSCoreLogger] [INFO] Arducam_OV9782_USB_Camera: Attempting to connect to USB camera on /dev/v4l/by-path/platform-xhci-hcd.11.auto-usb-0:1:1.0-video-index0
[2024-10-25 13:09:12] [CSCore - PvCSCoreLogger] [DEBUG] CS: DEBUG 7: Arducam_OV9782_USB_Camera: opening device (UsbCameraImpl.cpp:651)
[2024-10-25 13:09:12] [Camera - USBFrameProvider - Arducam_OV9782_USB_Camera] [ERROR] Error grabbing image: timed out getting frame
[2024-10-25 13:09:12] [CSCore - PvCSCoreLogger] [INFO] Arducam_OV9782_USB_Camera: Attempting to connect to USB camera on /dev/v4l/by-path/platform-xhci-hcd.11.auto-usb-0:1:1.0-video-index0
[2024-10-25 13:09:12] [CSCore - PvCSCoreLogger] [DEBUG] CS: DEBUG 7: Arducam_OV9782_USB_Camera: opening device (UsbCameraImpl.cpp:651)
[2024-10-25 13:09:12] [Camera - USBFrameProvider - Arducam_OV9782_USB_Camera] [ERROR] Error grabbing image: timed out getting frame
[2024-10-25 13:09:12] [CSCore - PvCSCoreLogger] [INFO] Arducam_OV9782_USB_Camera: Attempting to connect to USB camera on /dev/v4l/by-path/platform-xhci-hcd.11.auto-usb-0:1:1.0-video-index0
[2024-10-25 13:09:12] [CSCore - PvCSCoreLogger] [DEBUG] CS: DEBUG 7: Arducam_OV9782_USB_Camera: opening device (UsbCameraImpl.cpp:651)
[2024-10-25 13:09:12] [Camera - USBFrameProvider - Arducam_OV9782_USB_Camera] [ERROR] Error grabbing image: timed out getting frame
[2024-10-25 13:09:12] [CSCore - PvCSCoreLogger] [INFO] Arducam_OV9782_USB_Camera: Attempting to connect to USB camera on /dev/v4l/by-path/platform-xhci-hcd.11.auto-usb-0:1:1.0-video-index0
[2024-10-25 13:09:12] [CSCore - PvCSCoreLogger] [DEBUG] CS: DEBUG 7: Arducam_OV9782_USB_Camera: opening device (UsbCameraImpl.cpp:651)
[2024-10-25 13:09:13] [Camera - USBFrameProvider - Arducam_OV9782_USB_Camera] [ERROR] Error grabbing image: timed out getting frame
[2024-10-25 13:09:13] [CSCore - PvCSCoreLogger] [INFO] Arducam_OV9782_USB_Camera: Attempting to connect to USB camera on /dev/v4l/by-path/platform-xhci-hcd.11.auto-usb-0:1:1.0-video-index0
[2024-10-25 13:09:13] [CSCore - PvCSCoreLogger] [DEBUG] CS: DEBUG 7: Arducam_OV9782_USB_Camera: opening device (UsbCameraImpl.cpp:651)
[2024-10-25 13:09:13] [Camera - USBFrameProvider - Arducam_OV9782_USB_Camera] [ERROR] Error grabbing image: timed out getting frame
[2024-10-25 13:09:13] [CSCore - PvCSCoreLogger] [INFO] Arducam_OV9782_USB_Camera: Attempting to connect to USB camera on /dev/v4l/by-path/platform-xhci-hcd.11.auto-usb-0:1:1.0-video-index0
[2024-10-25 13:09:13] [CSCore - PvCSCoreLogger] [DEBUG] CS: DEBUG 7: Arducam_OV9782_USB_Camera: opening device (UsbCameraImpl.cpp:651)
[2024-10-25 13:09:13] [Camera - USBFrameProvider - Arducam_OV9782_USB_Camera] [ERROR] Error grabbing image: timed out getting frame
[2024-10-25 13:09:13] [Camera - USBFrameProvider - Arducam_OV9782_USB_Camera] [ERROR] Error grabbing image: timed out getting frame
[2024-10-25 13:09:13] [CSCore - PvCSCoreLogger] [INFO] Arducam_OV9782_USB_Camera: Attempting to connect to USB camera on /dev/v4l/by-path/platform-xhci-hcd.11.auto-usb-0:1:1.0-video-index0
[2024-10-25 13:09:13] [CSCore - PvCSCoreLogger] [DEBUG] CS: DEBUG 7: Arducam_OV9782_USB_Camera: opening device (UsbCameraImpl.cpp:651)
[2024-10-25 13:09:14] [Camera - USBFrameProvider - Arducam_OV9782_USB_Camera] [ERROR] Error grabbing image: timed out getting frame
[2024-10-25 13:09:14] [CSCore - PvCSCoreLogger] [INFO] Arducam_OV9782_USB_Camera: Attempting to connect to USB camera on /dev/v4l/by-path/platform-xhci-hcd.11.auto-usb-0:1:1.0-video-index0
[2024-10-25 13:09:14] [CSCore - PvCSCoreLogger] [DEBUG] CS: DEBUG 7: Arducam_OV9782_USB_Camera: opening device (UsbCameraImpl.cpp:651)
[2024-10-25 13:09:14] [Camera - USBFrameProvider - Arducam_OV9782_USB_Camera] [ERROR] Error grabbing image: timed out getting frame
[2024-10-25 13:09:14] [CSCore - PvCSCoreLogger] [INFO] Arducam_OV9782_USB_Camera: Attempting to connect to USB camera on /dev/v4l/by-path/platform-xhci-hcd.11.auto-usb-0:1:1.0-video-index0
[2024-10-25 13:09:14] [CSCore - PvCSCoreLogger] [DEBUG] CS: DEBUG 7: Arducam_OV9782_USB_Camera: opening device (UsbCameraImpl.cpp:651)
[2024-10-25 13:09:14] [Camera - USBFrameProvider - Arducam_OV9782_USB_Camera] [ERROR] Error grabbing image: timed out getting frame
[2024-10-25 13:09:14] [CSCore - PvCSCoreLogger] [INFO] Arducam_OV9782_USB_Camera: Attempting to connect to USB camera on /dev/v4l/by-path/platform-xhci-hcd.11.auto-usb-0:1:1.0-video-index0
[2024-10-25 13:09:14] [CSCore - PvCSCoreLogger] [DEBUG] CS: DEBUG 7: Arducam_OV9782_USB_Camera: opening device (UsbCameraImpl.cpp:651)
[2024-10-25 13:09:14] [Camera - USBFrameProvider - Arducam_OV9782_USB_Camera] [ERROR] Error grabbing image: timed out getting frame
[2024-10-25 13:09:15] [CSCore - PvCSCoreLogger] [INFO] Arducam_OV9782_USB_Camera: Attempting to connect to USB camera on /dev/v4l/by-path/platform-xhci-hcd.11.auto-usb-0:1:1.0-video-index0
[2024-10-25 13:09:15] [CSCore - PvCSCoreLogger] [DEBUG] CS: DEBUG 7: Arducam_OV9782_USB_Camera: opening device (UsbCameraImpl.cpp:651)
[2024-10-25 13:09:15] [Camera - USBFrameProvider - Arducam_OV9782_USB_Camera] [ERROR] Error grabbing image: timed out getting frame
[2024-10-25 13:09:15] [CSCore - PvCSCoreLogger] [INFO] Arducam_OV9782_USB_Camera: Attempting to connect to USB camera on /dev/v4l/by-path/platform-xhci-hcd.11.auto-usb-0:1:1.0-video-index0
[2024-10-25 13:09:15] [CSCore - PvCSCoreLogger] [DEBUG] CS: DEBUG 7: Arducam_OV9782_USB_Camera: opening device (UsbCameraImpl.cpp:651)
[2024-10-25 13:09:15] [Camera - USBFrameProvider - Arducam_OV9782_USB_Camera] [ERROR] Error grabbing image: timed out getting frame
[2024-10-25 13:09:15] [CSCore - PvCSCoreLogger] [INFO] Arducam_OV9782_USB_Camera: Attempting to connect to USB camera on /dev/v4l/by-path/platform-xhci-hcd.11.auto-usb-0:1:1.0-video-index0
[2024-10-25 13:09:15] [CSCore - PvCSCoreLogger] [DEBUG] CS: DEBUG 7: Arducam_OV9782_USB_Camera: opening device (UsbCameraImpl.cpp:651)
[2024-10-25 13:09:15] [Camera - USBFrameProvider - Arducam_OV9782_USB_Camera] [ERROR] Error grabbing image: timed out getting frame
[2024-10-25 13:09:15] [CSCore - PvCSCoreLogger] [INFO] Arducam_OV9782_USB_Camera: Attempting to connect to USB camera on /dev/v4l/by-path/platform-xhci-hcd.11.auto-usb-0:1:1.0-video-index0
[2024-10-25 13:09:15] [CSCore - PvCSCoreLogger] [DEBUG] CS: DEBUG 7: Arducam_OV9782_USB_Camera: opening device (UsbCameraImpl.cpp:651)
[2024-10-25 13:09:15] [Camera - USBFrameProvider - Arducam_OV9782_USB_Camera] [ERROR] Error grabbing image: timed out getting frame
[2024-10-25 13:09:16] [CSCore - PvCSCoreLogger] [INFO] Arducam_OV9782_USB_Camera: Attempting to connect to USB camera on /dev/v4l/by-path/platform-xhci-hcd.11.auto-usb-0:1:1.0-video-index0
[2024-10-25 13:09:16] [CSCore - PvCSCoreLogger] [DEBUG] CS: DEBUG 7: Arducam_OV9782_USB_Camera: opening device (UsbCameraImpl.cpp:651)
[2024-10-25 13:09:16] [Camera - USBFrameProvider - Arducam_OV9782_USB_Camera] [ERROR] Error grabbing image: timed out getting frame
[2024-10-25 13:09:16] [Camera - USBFrameProvider - Arducam_OV9782_USB_Camera] [ERROR] Error grabbing image: timed out getting frame
[2024-10-25 13:09:16] [CSCore - PvCSCoreLogger] [INFO] Arducam_OV9782_USB_Camera: Attempting to connect to USB camera on /dev/v4l/by-path/platform-xhci-hcd.11.auto-usb-0:1:1.0-video-index0
[2024-10-25 13:09:16] [CSCore - PvCSCoreLogger] [DEBUG] CS: DEBUG 7: Arducam_OV9782_USB_Camera: opening device (UsbCameraImpl.cpp:651)
[2024-10-25 13:09:16] [Camera - USBFrameProvider - Arducam_OV9782_USB_Camera] [ERROR] Error grabbing image: timed out getting frame
[2024-10-25 13:09:16] [CSCore - PvCSCoreLogger] [INFO] Arducam_OV9782_USB_Camera: Attempting to connect to USB camera on /dev/v4l/by-path/platform-xhci-hcd.11.auto-usb-0:1:1.0-video-index0
[2024-10-25 13:09:16] [CSCore - PvCSCoreLogger] [DEBUG] CS: DEBUG 7: Arducam_OV9782_USB_Camera: opening device (UsbCameraImpl.cpp:651)
[2024-10-25 13:09:17] [Camera - USBFrameProvider - Arducam_OV9782_USB_Camera] [ERROR] Error grabbing image: timed out getting frame
[2024-10-25 13:09:17] [CSCore - PvCSCoreLogger] [INFO] Arducam_OV9782_USB_Camera: Attempting to connect to USB camera on /dev/v4l/by-path/platform-xhci-hcd.11.auto-usb-0:1:1.0-video-index0
[2024-10-25 13:09:17] [CSCore - PvCSCoreLogger] [DEBUG] CS: DEBUG 7: Arducam_OV9782_USB_Camera: opening device (UsbCameraImpl.cpp:651)
[2024-10-25 13:09:17] [Camera - USBFrameProvider - Arducam_OV9782_USB_Camera] [ERROR] Error grabbing image: timed out getting frame
[2024-10-25 13:09:17] [CSCore - PvCSCoreLogger] [INFO] Arducam_OV9782_USB_Camera: Attempting to connect to USB camera on /dev/v4l/by-path/platform-xhci-hcd.11.auto-usb-0:1:1.0-video-index0
[2024-10-25 13:09:17] [CSCore - PvCSCoreLogger] [DEBUG] CS: DEBUG 7: Arducam_OV9782_USB_Camera: opening device (UsbCameraImpl.cpp:651)
[2024-10-25 13:09:17] [Camera - USBFrameProvider - Arducam_OV9782_USB_Camera] [ERROR] Error grabbing image: timed out getting frame
[2024-10-25 13:09:17] [CSCore - PvCSCoreLogger] [INFO] Arducam_OV9782_USB_Camera: Attempting to connect to USB camera on /dev/v4l/by-path/platform-xhci-hcd.11.auto-usb-0:1:1.0-video-index0
[2024-10-25 13:09:17] [CSCore - PvCSCoreLogger] [DEBUG] CS: DEBUG 7: Arducam_OV9782_USB_Camera: opening device (UsbCameraImpl.cpp:651)
[2024-10-25 13:09:17] [Camera - USBFrameProvider - Arducam_OV9782_USB_Camera] [ERROR] Error grabbing image: timed out getting frame
[2024-10-25 13:09:18] [CSCore - PvCSCoreLogger] [INFO] Arducam_OV9782_USB_Camera: Attempting to connect to USB camera on /dev/v4l/by-path/platform-xhci-hcd.11.auto-usb-0:1:1.0-video-index0
[2024-10-25 13:09:18] [CSCore - PvCSCoreLogger] [DEBUG] CS: DEBUG 7: Arducam_OV9782_USB_Camera: opening device (UsbCameraImpl.cpp:651)
[2024-10-25 13:09:18] [Camera - USBFrameProvider - Arducam_OV9782_USB_Camera] [ERROR] Error grabbing image: timed out getting frame
[2024-10-25 13:09:18] [CSCore - PvCSCoreLogger] [INFO] Arducam_OV9782_USB_Camera: Attempting to connect to USB camera on /dev/v4l/by-path/platform-xhci-hcd.11.auto-usb-0:1:1.0-video-index0
[2024-10-25 13:09:18] [CSCore - PvCSCoreLogger] [DEBUG] CS: DEBUG 7: Arducam_OV9782_USB_Camera: opening device (UsbCameraImpl.cpp:651)
[2024-10-25 13:09:18] [Camera - USBFrameProvider - Arducam_OV9782_USB_Camera] [ERROR] Error grabbing image: timed out getting frame
[2024-10-25 13:09:18] [CSCore - PvCSCoreLogger] [INFO] Arducam_OV9782_USB_Camera: Attempting to connect to USB camera on /dev/v4l/by-path/platform-xhci-hcd.11.auto-usb-0:1:1.0-video-index0
[2024-10-25 13:09:18] [CSCore - PvCSCoreLogger] [DEBUG] CS: DEBUG 7: Arducam_OV9782_USB_Camera: opening device (UsbCameraImpl.cpp:651)
[2024-10-25 13:09:18] [Camera - USBFrameProvider - Arducam_OV9782_USB_Camera] [ERROR] Error grabbing image: timed out getting frame
[2024-10-25 13:09:18] [CSCore - PvCSCoreLogger] [INFO] Arducam_OV9782_USB_Camera: Attempting to connect to USB camera on /dev/v4l/by-path/platform-xhci-hcd.11.auto-usb-0:1:1.0-video-index0
[2024-10-25 13:09:18] [CSCore - PvCSCoreLogger] [DEBUG] CS: DEBUG 7: Arducam_OV9782_USB_Camera: opening device (UsbCameraImpl.cpp:651)
[2024-10-25 13:09:18] [Camera - USBFrameProvider - Arducam_OV9782_USB_Camera] [ERROR] Error grabbing image: timed out getting frame
[2024-10-25 13:09:19] [CSCore - PvCSCoreLogger] [INFO] Arducam_OV9782_USB_Camera: Attempting to connect to USB camera on /dev/v4l/by-path/platform-xhci-hcd.11.auto-usb-0:1:1.0-video-index0
[2024-10-25 13:09:19] [CSCore - PvCSCoreLogger] [DEBUG] CS: DEBUG 7: Arducam_OV9782_USB_Camera: opening device (UsbCameraImpl.cpp:651)
[2024-10-25 13:09:19] [CSCore - PvCSCoreLogger] [INFO] Arducam_OV9782_USB_Camera: Connected to USB camera on /dev/v4l/by-path/platform-xhci-hcd.11.auto-usb-0:1:1.0-video-index0
[2024-10-25 13:09:19] [CSCore - PvCSCoreLogger] [DEBUG] CS: DEBUG 7: Arducam_OV9782_USB_Camera: getting capabilities (UsbCameraImpl.cpp:663)
[2024-10-25 13:09:19] [CSCore - PvCSCoreLogger] [DEBUG] CS: DEBUG 7: Arducam_OV9782_USB_Camera: restoring video mode (UsbCameraImpl.cpp:681)
[2024-10-25 13:09:19] [CSCore - PvCSCoreLogger] [INFO] Arducam_OV9782_USB_Camera: set format 1 res 320x240
[2024-10-25 13:09:19] [CSCore - PvCSCoreLogger] [INFO] Arducam_OV9782_USB_Camera: set FPS to 30
[2024-10-25 13:09:19] [CSCore - PvCSCoreLogger] [DEBUG] CS: DEBUG 7: Arducam_OV9782_USB_Camera: restoring settings (UsbCameraImpl.cpp:686)
[2024-10-25 13:09:19] [CSCore - PvCSCoreLogger] [ERROR] CS: ERROR 40: ioctl VIDIOC_S_CTRL failed at UsbCameraProperty.cpp:77: Permission denied (UsbUtil.cpp:157)
[2024-10-25 13:09:19] [CSCore - PvCSCoreLogger] [WARN] CS: WARNING 30: Arducam_OV9782_USB_Camera: failed to set property white_balance_temperature (UsbCameraImpl.cpp:695)
[2024-10-25 13:09:19] [CSCore - PvCSCoreLogger] [ERROR] CS: ERROR 40: ioctl VIDIOC_S_EXT_CTRLS failed at UsbCameraProperty.cpp:71: Permission denied (UsbUtil.cpp:157)
[2024-10-25 13:09:19] [CSCore - PvCSCoreLogger] [WARN] CS: WARNING 30: Arducam_OV9782_USB_Camera: failed to set property raw_exposure_time_absolute (UsbCameraImpl.cpp:695)
[2024-10-25 13:09:19] [Camera - USBFrameProvider - Arducam_OV9782_USB_Camera] [ERROR] Error grabbing image: timed out getting frame
[2024-10-25 13:09:19] [Camera - USBFrameProvider - Arducam_OV9782_USB_Camera] [ERROR] Error grabbing image: timed out getting frame
[2024-10-25 13:09:19] [General - KernelLogLogger] [DEBUG] 2024-10-25T13:09:18.954438+00:00 photonvision kernel: usb 7-1: new high-speed USB device number 3 using xhci-hcd
[2024-10-25 13:09:19] [General - KernelLogLogger] [DEBUG] 2024-10-25T13:09:19.111083+00:00 photonvision kernel: usb 7-1: New USB device found, idVendor=0c45, idProduct=6366, bcdDevice= 1.00
[2024-10-25 13:09:19] [General - KernelLogLogger] [DEBUG] 2024-10-25T13:09:19.111116+00:00 photonvision kernel: usb 7-1: New USB device strings: Mfr=2, Product=1, SerialNumber=3
[2024-10-25 13:09:19] [General - KernelLogLogger] [DEBUG] 2024-10-25T13:09:19.111120+00:00 photonvision kernel: usb 7-1: Product: Arducam OV9782 USB Camera
[2024-10-25 13:09:19] [General - KernelLogLogger] [DEBUG] 2024-10-25T13:09:19.111123+00:00 photonvision kernel: usb 7-1: Manufacturer: Arducam Technology Co., Ltd.
[2024-10-25 13:09:19] [General - KernelLogLogger] [DEBUG] 2024-10-25T13:09:19.111126+00:00 photonvision kernel: usb 7-1: SerialNumber: UC852
[2024-10-25 13:09:19] [General - KernelLogLogger] [DEBUG] 2024-10-25T13:09:19.117742+00:00 photonvision kernel: usb 7-1: Found UVC 1.00 device Arducam OV9782 USB Camera (0c45:6366)
[2024-10-25 13:09:19] [General - KernelLogLogger] [DEBUG] 2024-10-25T13:09:19.144419+00:00 photonvision kernel: input: Arducam OV9782 USB Camera: Ardu as /devices/platform/usbdrd3_0/fc000000.usb/xhci-hcd.11.auto/usb7/7-1/7-1:1.0/input/input9
[2024-10-25 13:09:19] [Camera - USBFrameProvider - Arducam_OV9782_USB_Camera] [ERROR] Error grabbing image: timed out getting frame
[2024-10-25 13:09:20] [Camera - USBFrameProvider - Arducam_OV9782_USB_Camera] [ERROR] Error grabbing image: timed out getting frame
[2024-10-25 13:09:20] [CSCore - PvCSCoreLogger] [DEBUG] CS: DEBUG 7: Arducam_OV9782_USB_Camera: allocating buffers (UsbCameraImpl.cpp:701)
[2024-10-25 13:09:20] [CSCore - PvCSCoreLogger] [DEBUG] CS: DEBUG 7: Arducam_OV9782_USB_Camera: mapping buffers (UsbCameraImpl.cpp:715)
[2024-10-25 13:09:20] [CSCore - PvCSCoreLogger] [ERROR] CS: ERROR 40: ioctl VIDIOC_DQBUF failed at UsbCameraImpl.cpp:529: Invalid argument (UsbUtil.cpp:157)
[2024-10-25 13:09:20] [CSCore - PvCSCoreLogger] [WARN] CS: WARNING 30: Arducam_OV9782_USB_Camera: could not dequeue buffer (UsbCameraImpl.cpp:530)
[2024-10-25 13:09:20] [CSCore - PvCSCoreLogger] [INFO] Arducam_OV9782_USB_Camera: Attempting to connect to USB camera on /dev/v4l/by-path/platform-xhci-hcd.11.auto-usb-0:1:1.0-video-index0
[2024-10-25 13:09:20] [CSCore - PvCSCoreLogger] [DEBUG] CS: DEBUG 7: Arducam_OV9782_USB_Camera: opening device (UsbCameraImpl.cpp:651)
[2024-10-25 13:09:20] [CSCore - PvCSCoreLogger] [INFO] Arducam_OV9782_USB_Camera: Connected to USB camera on /dev/v4l/by-path/platform-xhci-hcd.11.auto-usb-0:1:1.0-video-index0
[2024-10-25 13:09:20] [CSCore - PvCSCoreLogger] [DEBUG] CS: DEBUG 7: Arducam_OV9782_USB_Camera: getting capabilities (UsbCameraImpl.cpp:663)
[2024-10-25 13:09:20] [CSCore - PvCSCoreLogger] [DEBUG] CS: DEBUG 7: Arducam_OV9782_USB_Camera: restoring video mode (UsbCameraImpl.cpp:681)
[2024-10-25 13:09:20] [CSCore - PvCSCoreLogger] [INFO] Arducam_OV9782_USB_Camera: set format 1 res 320x240
[2024-10-25 13:09:20] [CSCore - PvCSCoreLogger] [INFO] Arducam_OV9782_USB_Camera: set FPS to 30
[2024-10-25 13:09:20] [CSCore - PvCSCoreLogger] [DEBUG] CS: DEBUG 7: Arducam_OV9782_USB_Camera: restoring settings (UsbCameraImpl.cpp:686)
[2024-10-25 13:09:20] [Camera - USBFrameProvider - Arducam_OV9782_USB_Camera] [ERROR] Error grabbing image: timed out getting frame
[2024-10-25 13:09:20] [Camera - USBFrameProvider - Arducam_OV9782_USB_Camera] [ERROR] Error grabbing image: timed out getting frame
[2024-10-25 13:09:20] [Camera - USBFrameProvider - Arducam_OV9782_USB_Camera] [ERROR] Error grabbing image: timed out getting frame
[2024-10-25 13:09:21] [Camera - USBFrameProvider - Arducam_OV9782_USB_Camera] [ERROR] Error grabbing image: timed out getting frame
[2024-10-25 13:09:21] [Camera - USBFrameProvider - Arducam_OV9782_USB_Camera] [ERROR] Error grabbing image: timed out getting frame
[2024-10-25 13:09:21] [Camera - USBFrameProvider - Arducam_OV9782_USB_Camera] [ERROR] Error grabbing image: timed out getting frame
[2024-10-25 13:09:21] [Camera - USBFrameProvider - Arducam_OV9782_USB_Camera] [ERROR] Error grabbing image: timed out getting frame
[2024-10-25 13:09:22] [Camera - USBFrameProvider - Arducam_OV9782_USB_Camera] [ERROR] Error grabbing image: timed out getting frame
[2024-10-25 13:09:22] [Camera - USBFrameProvider - Arducam_OV9782_USB_Camera] [ERROR] Error grabbing image: timed out getting frame
[2024-10-25 13:09:22] [Camera - USBFrameProvider - Arducam_OV9782_USB_Camera] [ERROR] Error grabbing image: timed out getting frame
[2024-10-25 13:09:23] [Camera - USBFrameProvider - Arducam_OV9782_USB_Camera] [ERROR] Error grabbing image: timed out getting frame
[2024-10-25 13:09:23] [Camera - USBFrameProvider - Arducam_OV9782_USB_Camera] [ERROR] Error grabbing image: timed out getting frame
[2024-10-25 13:09:23] [CSCore - PvCSCoreLogger] [ERROR] CS: ERROR 40: ioctl VIDIOC_S_CTRL failed at UsbCameraProperty.cpp:77: Permission denied (UsbUtil.cpp:157)
[2024-10-25 13:09:23] [CSCore - PvCSCoreLogger] [WARN] CS: WARNING 30: Arducam_OV9782_USB_Camera: failed to set property white_balance_temperature (UsbCameraImpl.cpp:695)
[2024-10-25 13:09:23] [CSCore - PvCSCoreLogger] [ERROR] CS: ERROR 40: ioctl VIDIOC_S_EXT_CTRLS failed at UsbCameraProperty.cpp:71: Permission denied (UsbUtil.cpp:157)
[2024-10-25 13:09:23] [CSCore - PvCSCoreLogger] [WARN] CS: WARNING 30: Arducam_OV9782_USB_Camera: failed to set property raw_exposure_time_absolute (UsbCameraImpl.cpp:695)
[2024-10-25 13:09:23] [Camera - USBFrameProvider - Arducam_OV9782_USB_Camera] [ERROR] Error grabbing image: timed out getting frame
[2024-10-25 13:09:23] [Camera - USBFrameProvider - Arducam_OV9782_USB_Camera] [ERROR] Error grabbing image: timed out getting frame
[2024-10-25 13:09:24] [Camera - USBFrameProvider - Arducam_OV9782_USB_Camera] [ERROR] Error grabbing image: timed out getting frame
[2024-10-25 13:09:24] [Camera - USBFrameProvider - Arducam_OV9782_USB_Camera] [ERROR] Error grabbing image: timed out getting frame
[2024-10-25 13:09:24] [CSCore - PvCSCoreLogger] [DEBUG] CS: DEBUG 7: Arducam_OV9782_USB_Camera: allocating buffers (UsbCameraImpl.cpp:701)
[2024-10-25 13:09:24] [CSCore - PvCSCoreLogger] [DEBUG] CS: DEBUG 7: Arducam_OV9782_USB_Camera: mapping buffers (UsbCameraImpl.cpp:715)
[2024-10-25 13:09:24] [CSCore - PvCSCoreLogger] [DEBUG] CS: DEBUG 7: Arducam_OV9782_USB_Camera: queuing buffers (UsbCameraImpl.cpp:765)
[2024-10-25 13:09:24] [Camera - USBFrameProvider - Arducam_OV9782_USB_Camera] [ERROR] Error grabbing image: timed out getting frame
[2024-10-25 13:09:24] [Camera - USBFrameProvider - Arducam_OV9782_USB_Camera] [ERROR] Error grabbing image: timed out getting frame
[2024-10-25 13:14:47] [General - NetworkManager] [WARN] Unexpected connection  active on end1. Expected static-end1
[2024-10-25 13:14:47] [General - NetworkManager] [INFO] Reinitializing
[2024-10-25 13:14:47] [General - ShellExec] [DEBUG] Executing "nmcli -t -f GENERAL.CONNECTION,GENERAL.DEVICE,GENERAL.TYPE device show"
[2024-10-25 13:14:47] [General - ShellExec] [DEBUG] Got exit code 0
[2024-10-25 13:14:47] [General - NetworkUtils] [DEBUG] Found network interfaces: [NMDeviceInfo [connName=static-end1, devName=end1, nmType=NMTYPE_ETHERNET]]
[2024-10-25 13:14:47] [General - NetworkManager] [INFO] Setting STATIC with team 1736 on end1
[2024-10-25 13:14:47] [General - ShellExec] [DEBUG] Executing "cat /etc/hostname | tr -d " \t\n\r""
[2024-10-25 13:14:47] [General - ShellExec] [DEBUG] Got exit code 0
[2024-10-25 13:14:47] [General - NetworkManager] [DEBUG] Old host name: ""
[2024-10-25 13:14:47] [General - NetworkManager] [DEBUG] New host name: "photonvision"
[2024-10-25 13:14:47] [General - ShellExec] [DEBUG] Executing "echo photonvision > /etc/hostname"
[2024-10-25 13:14:47] [General - ShellExec] [DEBUG] Got exit code 0
[2024-10-25 13:14:47] [General - ShellExec] [DEBUG] Executing "hostnamectl set-hostname photonvision"
[2024-10-25 13:14:48] [General - ShellExec] [DEBUG] Got exit code 0
[2024-10-25 13:14:48] [General - ShellExec] [DEBUG] Executing "sed -i "s/127.0.1.1.*/127.0.1.1\tphotonvision/g" /etc/hosts"
[2024-10-25 13:14:48] [General - ShellExec] [DEBUG] Got exit code 0
[2024-10-25 13:14:48] [General - ShellExec] [DEBUG] Executing "systemctl restart avahi-daemon.service"
[2024-10-25 13:14:48] [General - ShellExec] [DEBUG] Got exit code 0
[2024-10-25 13:14:48] [General - NetworkManager] [INFO] Set hostname to photonvision
[2024-10-25 13:14:48] [General - NetworkManager] [INFO] Updating the Static connection static-end1
[2024-10-25 13:14:48] [General - ShellExec] [DEBUG] Executing "nmcli connection modify static-end1 autoconnect yes ipv4.method manual ipv6.method disabled ipv4.addresses 10.17.36.15/8 ipv4.gateway 10.17.36.1 "
[2024-10-25 13:14:48] [General - ShellExec] [DEBUG] Got exit code 0
[2024-10-25 13:14:48] [General - NetworkManager] [INFO] Activating the Static connection static-end1
[2024-10-25 13:14:48] [General - ShellExec] [DEBUG] Executing "nmcli connection up "static-end1""
[2024-10-25 13:14:49] [General - ShellExec] [DEBUG] Got exit code 0
[2024-10-25 13:14:49] [WebServer - Server] [INFO] Web server going down for restart
[2024-10-25 13:15:25] [CSCore - PvCSCoreLogger] [ERROR] CS: ERROR 40: ioctl VIDIOC_DQBUF failed at UsbCameraImpl.cpp:529: No such device (UsbUtil.cpp:157)
[2024-10-25 13:15:25] [CSCore - PvCSCoreLogger] [WARN] CS: WARNING 30: Arducam_OV9782_USB_Camera: could not dequeue buffer (UsbCameraImpl.cpp:530)
[2024-10-25 13:15:25] [CSCore - PvCSCoreLogger] [ERROR] CS: ERROR 40: ioctl VIDIOC_STREAMOFF failed at UsbCameraImpl.cpp:807: No such device (UsbUtil.cpp:157)
[2024-10-25 13:15:25] [CSCore - PvCSCoreLogger] [INFO] Arducam_OV9782_USB_Camera: Attempting to connect to USB camera on /dev/v4l/by-path/platform-xhci-hcd.11.auto-usb-0:1:1.0-video-index0
[2024-10-25 13:15:25] [CSCore - PvCSCoreLogger] [DEBUG] CS: DEBUG 7: Arducam_OV9782_USB_Camera: opening device (UsbCameraImpl.cpp:651)
[2024-10-25 13:15:25] [CSCore - PvCSCoreLogger] [INFO] Arducam_OV9782_USB_Camera: Attempting to connect to USB camera on /dev/v4l/by-path/platform-xhci-hcd.11.auto-usb-0:1:1.0-video-index0
[2024-10-25 13:15:25] [CSCore - PvCSCoreLogger] [DEBUG] CS: DEBUG 7: Arducam_OV9782_USB_Camera: opening device (UsbCameraImpl.cpp:651)
[2024-10-25 13:15:25] [CSCore - PvCSCoreLogger] [INFO] Arducam_OV9782_USB_Camera: Attempting to connect to USB camera on /dev/v4l/by-path/platform-xhci-hcd.11.auto-usb-0:1:1.0-video-index0
[2024-10-25 13:15:25] [CSCore - PvCSCoreLogger] [DEBUG] CS: DEBUG 7: Arducam_OV9782_USB_Camera: opening device (UsbCameraImpl.cpp:651)
[2024-10-25 13:15:25] [CSCore - PvCSCoreLogger] [INFO] Arducam_OV9782_USB_Camera: Attempting to connect to USB camera on /dev/v4l/by-path/platform-xhci-hcd.11.auto-usb-0:1:1.0-video-index0
[2024-10-25 13:15:25] [CSCore - PvCSCoreLogger] [DEBUG] CS: DEBUG 7: Arducam_OV9782_USB_Camera: opening device (UsbCameraImpl.cpp:651)
[2024-10-25 13:15:25] [CSCore - PvCSCoreLogger] [INFO] Arducam_OV9782_USB_Camera: Attempting to connect to USB camera on /dev/v4l/by-path/platform-xhci-hcd.11.auto-usb-0:1:1.0-video-index0
[2024-10-25 13:15:25] [CSCore - PvCSCoreLogger] [DEBUG] CS: DEBUG 7: Arducam_OV9782_USB_Camera: opening device (UsbCameraImpl.cpp:651)
[2024-10-25 13:15:25] [General - KernelLogLogger] [DEBUG] 2024-10-25T13:15:25.451028+00:00 photonvision kernel: usb 7-1: USB disconnect, device number 3
[2024-10-25 13:15:25] [Camera - USBFrameProvider - Arducam_OV9782_USB_Camera] [ERROR] Error grabbing image: timed out getting frame
[2024-10-25 13:15:25] [CSCore - PvCSCoreLogger] [INFO] Arducam_OV9782_USB_Camera: Attempting to connect to USB camera on /dev/v4l/by-path/platform-xhci-hcd.11.auto-usb-0:1:1.0-video-index0
[2024-10-25 13:15:25] [CSCore - PvCSCoreLogger] [DEBUG] CS: DEBUG 7: Arducam_OV9782_USB_Camera: opening device (UsbCameraImpl.cpp:651)
[2024-10-25 13:15:25] [Camera - USBFrameProvider - Arducam_OV9782_USB_Camera] [ERROR] Error grabbing image: timed out getting frame
[2024-10-25 13:15:26] [CSCore - PvCSCoreLogger] [INFO] Arducam_OV9782_USB_Camera: Attempting to connect to USB camera on /dev/v4l/by-path/platform-xhci-hcd.11.auto-usb-0:1:1.0-video-index0
[2024-10-25 13:15:26] [CSCore - PvCSCoreLogger] [DEBUG] CS: DEBUG 7: Arducam_OV9782_USB_Camera: opening device (UsbCameraImpl.cpp:651)
[2024-10-25 13:15:26] [Camera - USBFrameProvider - Arducam_OV9782_USB_Camera] [ERROR] Error grabbing image: timed out getting frame
[2024-10-25 13:15:26] [CSCore - PvCSCoreLogger] [INFO] Arducam_OV9782_USB_Camera: Attempting to connect to USB camera on /dev/v4l/by-path/platform-xhci-hcd.11.auto-usb-0:1:1.0-video-index0
[2024-10-25 13:15:26] [CSCore - PvCSCoreLogger] [DEBUG] CS: DEBUG 7: Arducam_OV9782_USB_Camera: opening device (UsbCameraImpl.cpp:651)
[2024-10-25 13:15:26] [Camera - USBFrameProvider - Arducam_OV9782_USB_Camera] [ERROR] Error grabbing image: timed out getting frame
[2024-10-25 13:15:26] [General - KernelLogLogger] [DEBUG] 2024-10-25T13:15:25.457647+00:00 photonvision kernel: uvcvideo 7-1:1.1: Failed to resubmit video URB (-19).
[2024-10-25 13:15:26] [General - KernelLogLogger] [DEBUG] -hcd
[2024-10-25 13:15:26] [CSCore - PvCSCoreLogger] [INFO] Arducam_OV9782_USB_Camera: Attempting to connect to USB camera on /dev/v4l/by-path/platform-xhci-hcd.11.auto-usb-0:1:1.0-video-index0
[2024-10-25 13:15:26] [CSCore - PvCSCoreLogger] [DEBUG] CS: DEBUG 7: Arducam_OV9782_USB_Camera: opening device (UsbCameraImpl.cpp:651)
[2024-10-25 13:15:26] [Camera - USBFrameProvider - Arducam_OV9782_USB_Camera] [ERROR] Error grabbing image: timed out getting frame
[2024-10-25 13:15:26] [CSCore - PvCSCoreLogger] [INFO] Arducam_OV9782_USB_Camera: Attempting to connect to USB camera on /dev/v4l/by-path/platform-xhci-hcd.11.auto-usb-0:1:1.0-video-index0
[2024-10-25 13:15:26] [CSCore - PvCSCoreLogger] [DEBUG] CS: DEBUG 7: Arducam_OV9782_USB_Camera: opening device (UsbCameraImpl.cpp:651)
[2024-10-25 13:15:27] [Camera - USBFrameProvider - Arducam_OV9782_USB_Camera] [ERROR] Error grabbing image: timed out getting frame
[2024-10-25 13:15:27] [CSCore - PvCSCoreLogger] [INFO] Arducam_OV9782_USB_Camera: Attempting to connect to USB camera on /dev/v4l/by-path/platform-xhci-hcd.11.auto-usb-0:1:1.0-video-index0
[2024-10-25 13:15:27] [CSCore - PvCSCoreLogger] [DEBUG] CS: DEBUG 7: Arducam_OV9782_USB_Camera: opening device (UsbCameraImpl.cpp:651)
[2024-10-25 13:15:27] [Camera - USBFrameProvider - Arducam_OV9782_USB_Camera] [ERROR] Error grabbing image: timed out getting frame
[2024-10-25 13:15:27] [CSCore - PvCSCoreLogger] [INFO] Arducam_OV9782_USB_Camera: Attempting to connect to USB camera on /dev/v4l/by-path/platform-xhci-hcd.11.auto-usb-0:1:1.0-video-index0
[2024-10-25 13:15:27] [CSCore - PvCSCoreLogger] [DEBUG] CS: DEBUG 7: Arducam_OV9782_USB_Camera: opening device (UsbCameraImpl.cpp:651)
[2024-10-25 13:15:27] [Camera - USBFrameProvider - Arducam_OV9782_USB_Camera] [ERROR] Error grabbing image: timed out getting frame
[2024-10-25 13:15:27] [Camera - USBFrameProvider - Arducam_OV9782_USB_Camera] [ERROR] Error grabbing image: timed out getting frame
[2024-10-25 13:15:27] [CSCore - PvCSCoreLogger] [INFO] Arducam_OV9782_USB_Camera: Attempting to connect to USB camera on /dev/v4l/by-path/platform-xhci-hcd.11.auto-usb-0:1:1.0-video-index0
[2024-10-25 13:15:27] [CSCore - PvCSCoreLogger] [DEBUG] CS: DEBUG 7: Arducam_OV9782_USB_Camera: opening device (UsbCameraImpl.cpp:651)
[2024-10-25 13:15:28] [Camera - USBFrameProvider - Arducam_OV9782_USB_Camera] [ERROR] Error grabbing image: timed out getting frame
[2024-10-25 13:15:28] [CSCore - PvCSCoreLogger] [INFO] Arducam_OV9782_USB_Camera: Attempting to connect to USB camera on /dev/v4l/by-path/platform-xhci-hcd.11.auto-usb-0:1:1.0-video-index0
[2024-10-25 13:15:28] [CSCore - PvCSCoreLogger] [DEBUG] CS: DEBUG 7: Arducam_OV9782_USB_Camera: opening device (UsbCameraImpl.cpp:651)
[2024-10-25 13:15:28] [Camera - USBFrameProvider - Arducam_OV9782_USB_Camera] [ERROR] Error grabbing image: timed out getting frame
[2024-10-25 13:15:28] [CSCore - PvCSCoreLogger] [INFO] Arducam_OV9782_USB_Camera: Attempting to connect to USB camera on /dev/v4l/by-path/platform-xhci-hcd.11.auto-usb-0:1:1.0-video-index0
[2024-10-25 13:15:28] [CSCore - PvCSCoreLogger] [DEBUG] CS: DEBUG 7: Arducam_OV9782_USB_Camera: opening device (UsbCameraImpl.cpp:651)
[2024-10-25 13:15:28] [Camera - USBFrameProvider - Arducam_OV9782_USB_Camera] [ERROR] Error grabbing image: timed out getting frame
[2024-10-25 13:15:28] [CSCore - PvCSCoreLogger] [INFO] Arducam_OV9782_USB_Camera: Attempting to connect to USB camera on /dev/v4l/by-path/platform-xhci-hcd.11.auto-usb-0:1:1.0-video-index0
[2024-10-25 13:15:28] [CSCore - PvCSCoreLogger] [DEBUG] CS: DEBUG 7: Arducam_OV9782_USB_Camera: opening device (UsbCameraImpl.cpp:651)
[2024-10-25 13:15:28] [CSCore - PvCSCoreLogger] [INFO] Arducam_OV9782_USB_Camera: Connected to USB camera on /dev/v4l/by-path/platform-xhci-hcd.11.auto-usb-0:1:1.0-video-index0
[2024-10-25 13:15:28] [CSCore - PvCSCoreLogger] [DEBUG] CS: DEBUG 7: Arducam_OV9782_USB_Camera: getting capabilities (UsbCameraImpl.cpp:663)
[2024-10-25 13:15:28] [CSCore - PvCSCoreLogger] [DEBUG] CS: DEBUG 7: Arducam_OV9782_USB_Camera: restoring video mode (UsbCameraImpl.cpp:681)
[2024-10-25 13:15:28] [CSCore - PvCSCoreLogger] [INFO] Arducam_OV9782_USB_Camera: set format 1 res 320x240
[2024-10-25 13:15:28] [CSCore - PvCSCoreLogger] [INFO] Arducam_OV9782_USB_Camera: set FPS to 30
[2024-10-25 13:15:28] [CSCore - PvCSCoreLogger] [DEBUG] CS: DEBUG 7: Arducam_OV9782_USB_Camera: restoring settings (UsbCameraImpl.cpp:686)
[2024-10-25 13:15:28] [CSCore - PvCSCoreLogger] [ERROR] CS: ERROR 40: ioctl VIDIOC_S_CTRL failed at UsbCameraProperty.cpp:77: Permission denied (UsbUtil.cpp:157)
[2024-10-25 13:15:28] [CSCore - PvCSCoreLogger] [WARN] CS: WARNING 30: Arducam_OV9782_USB_Camera: failed to set property white_balance_temperature (UsbCameraImpl.cpp:695)
[2024-10-25 13:15:28] [CSCore - PvCSCoreLogger] [ERROR] CS: ERROR 40: ioctl VIDIOC_S_EXT_CTRLS failed at UsbCameraProperty.cpp:71: Permission denied (UsbUtil.cpp:157)
[2024-10-25 13:15:28] [CSCore - PvCSCoreLogger] [WARN] CS: WARNING 30: Arducam_OV9782_USB_Camera: failed to set property raw_exposure_time_absolute (UsbCameraImpl.cpp:695)
[2024-10-25 13:15:28] [Camera - USBFrameProvider - Arducam_OV9782_USB_Camera] [ERROR] Error grabbing image: timed out getting frame
[2024-10-25 13:15:29] [Camera - USBFrameProvider - Arducam_OV9782_USB_Camera] [ERROR] Error grabbing image: timed out getting frame
[2024-10-25 13:15:29] [Camera - USBFrameProvider - Arducam_OV9782_USB_Camera] [ERROR] Error grabbing image: timed out getting frame
[2024-10-25 13:15:29] [General - KernelLogLogger] [DEBUG] 2024-10-25T13:15:28.534407+00:00 photonvision kernel: usb 7-1: new high-speed USB device number 4 using xhci-hcd
[2024-10-25 13:15:29] [General - KernelLogLogger] [DEBUG] 2024-10-25T13:15:28.694352+00:00 photonvision kernel: usb 7-1: New USB device found, idVendor=0c45, idProduct=6366, bcdDevice= 1.00
[2024-10-25 13:15:29] [General - KernelLogLogger] [DEBUG] 2024-10-25T13:15:28.694391+00:00 photonvision kernel: usb 7-1: New USB device strings: Mfr=2, Product=1, SerialNumber=3
[2024-10-25 13:15:29] [General - KernelLogLogger] [DEBUG] 2024-10-25T13:15:28.694395+00:00 photonvision kernel: usb 7-1: Product: Arducam OV9782 USB Camera
[2024-10-25 13:15:29] [General - KernelLogLogger] [DEBUG] 2024-10-25T13:15:28.694398+00:00 photonvision kernel: usb 7-1: Manufacturer: Arducam Technology Co., Ltd.
[2024-10-25 13:15:29] [General - KernelLogLogger] [DEBUG] 2024-10-25T13:15:28.694400+00:00 photonvision kernel: usb 7-1: SerialNumber: UC852
[2024-10-25 13:15:29] [General - KernelLogLogger] [DEBUG] 2024-10-25T13:15:28.701019+00:00 photonvision kernel: usb 7-1: Found UVC 1.00 device Arducam OV9782 USB Camera (0c45:6366)
[2024-10-25 13:15:29] [General - KernelLogLogger] [DEBUG] 2024-10-25T13:15:28.727708+00:00 photonvision kernel: input: Arducam OV9782 USB Camera: Ardu as /devices/platform/usbdrd3_0/fc000000.usb/xhci-hcd.11.auto/usb7/7-1/7-1:1.0/input/input10
[2024-10-25 13:15:29] [Camera - USBFrameProvider - Arducam_OV9782_USB_Camera] [ERROR] Error grabbing image: timed out getting frame
[2024-10-25 13:15:29] [CSCore - PvCSCoreLogger] [DEBUG] CS: DEBUG 7: Arducam_OV9782_USB_Camera: allocating buffers (UsbCameraImpl.cpp:701)
[2024-10-25 13:15:29] [CSCore - PvCSCoreLogger] [DEBUG] CS: DEBUG 7: Arducam_OV9782_USB_Camera: mapping buffers (UsbCameraImpl.cpp:715)
[2024-10-25 13:15:29] [CSCore - PvCSCoreLogger] [ERROR] CS: ERROR 40: ioctl VIDIOC_DQBUF failed at UsbCameraImpl.cpp:529: Invalid argument (UsbUtil.cpp:157)
[2024-10-25 13:15:29] [CSCore - PvCSCoreLogger] [WARN] CS: WARNING 30: Arducam_OV9782_USB_Camera: could not dequeue buffer (UsbCameraImpl.cpp:530)
[2024-10-25 13:15:29] [CSCore - PvCSCoreLogger] [INFO] Arducam_OV9782_USB_Camera: Attempting to connect to USB camera on /dev/v4l/by-path/platform-xhci-hcd.11.auto-usb-0:1:1.0-video-index0
[2024-10-25 13:15:29] [CSCore - PvCSCoreLogger] [DEBUG] CS: DEBUG 7: Arducam_OV9782_USB_Camera: opening device (UsbCameraImpl.cpp:651)
[2024-10-25 13:15:29] [CSCore - PvCSCoreLogger] [INFO] Arducam_OV9782_USB_Camera: Connected to USB camera on /dev/v4l/by-path/platform-xhci-hcd.11.auto-usb-0:1:1.0-video-index0
[2024-10-25 13:15:29] [CSCore - PvCSCoreLogger] [DEBUG] CS: DEBUG 7: Arducam_OV9782_USB_Camera: getting capabilities (UsbCameraImpl.cpp:663)
[2024-10-25 13:15:29] [CSCore - PvCSCoreLogger] [DEBUG] CS: DEBUG 7: Arducam_OV9782_USB_Camera: restoring video mode (UsbCameraImpl.cpp:681)
[2024-10-25 13:15:29] [CSCore - PvCSCoreLogger] [INFO] Arducam_OV9782_USB_Camera: set format 1 res 320x240
[2024-10-25 13:15:29] [CSCore - PvCSCoreLogger] [INFO] Arducam_OV9782_USB_Camera: set FPS to 30
[2024-10-25 13:15:29] [CSCore - PvCSCoreLogger] [DEBUG] CS: DEBUG 7: Arducam_OV9782_USB_Camera: restoring settings (UsbCameraImpl.cpp:686)
[2024-10-25 13:15:30] [Camera - USBFrameProvider - Arducam_OV9782_USB_Camera] [ERROR] Error grabbing image: timed out getting frame
[2024-10-25 13:15:30] [Camera - USBFrameProvider - Arducam_OV9782_USB_Camera] [ERROR] Error grabbing image: timed out getting frame
[2024-10-25 13:15:30] [Camera - USBFrameProvider - Arducam_OV9782_USB_Camera] [ERROR] Error grabbing image: timed out getting frame
[2024-10-25 13:15:30] [Camera - USBFrameProvider - Arducam_OV9782_USB_Camera] [ERROR] Error grabbing image: timed out getting frame
[2024-10-25 13:15:31] [Camera - USBFrameProvider - Arducam_OV9782_USB_Camera] [ERROR] Error grabbing image: timed out getting frame
[2024-10-25 13:15:31] [Camera - USBFrameProvider - Arducam_OV9782_USB_Camera] [ERROR] Error grabbing image: timed out getting frame
[2024-10-25 13:15:31] [Camera - USBFrameProvider - Arducam_OV9782_USB_Camera] [ERROR] Error grabbing image: timed out getting frame
[2024-10-25 13:15:31] [Camera - USBFrameProvider - Arducam_OV9782_USB_Camera] [ERROR] Error grabbing image: timed out getting frame
[2024-10-25 13:15:32] [Camera - USBFrameProvider - Arducam_OV9782_USB_Camera] [ERROR] Error grabbing image: timed out getting frame
[2024-10-25 13:15:32] [Camera - USBFrameProvider - Arducam_OV9782_USB_Camera] [ERROR] Error grabbing image: timed out getting frame
[2024-10-25 13:15:32] [Camera - USBFrameProvider - Arducam_OV9782_USB_Camera] [ERROR] Error grabbing image: timed out getting frame
[2024-10-25 13:15:32] [CSCore - PvCSCoreLogger] [ERROR] CS: ERROR 40: ioctl VIDIOC_S_CTRL failed at UsbCameraProperty.cpp:77: Permission denied (UsbUtil.cpp:157)
[2024-10-25 13:15:32] [CSCore - PvCSCoreLogger] [WARN] CS: WARNING 30: Arducam_OV9782_USB_Camera: failed to set property white_balance_temperature (UsbCameraImpl.cpp:695)
[2024-10-25 13:15:32] [CSCore - PvCSCoreLogger] [ERROR] CS: ERROR 40: ioctl VIDIOC_S_EXT_CTRLS failed at UsbCameraProperty.cpp:71: Permission denied (UsbUtil.cpp:157)
[2024-10-25 13:15:32] [CSCore - PvCSCoreLogger] [WARN] CS: WARNING 30: Arducam_OV9782_USB_Camera: failed to set property raw_exposure_time_absolute (UsbCameraImpl.cpp:695)
[2024-10-25 13:15:33] [Camera - USBFrameProvider - Arducam_OV9782_USB_Camera] [ERROR] Error grabbing image: timed out getting frame
[2024-10-25 13:15:33] [Camera - USBFrameProvider - Arducam_OV9782_USB_Camera] [ERROR] Error grabbing image: timed out getting frame
[2024-10-25 13:15:33] [Camera - USBFrameProvider - Arducam_OV9782_USB_Camera] [ERROR] Error grabbing image: timed out getting frame
[2024-10-25 13:15:33] [Camera - USBFrameProvider - Arducam_OV9782_USB_Camera] [ERROR] Error grabbing image: timed out getting frame
[2024-10-25 13:15:33] [CSCore - PvCSCoreLogger] [DEBUG] CS: DEBUG 7: Arducam_OV9782_USB_Camera: allocating buffers (UsbCameraImpl.cpp:701)
[2024-10-25 13:15:33] [CSCore - PvCSCoreLogger] [DEBUG] CS: DEBUG 7: Arducam_OV9782_USB_Camera: mapping buffers (UsbCameraImpl.cpp:715)
[2024-10-25 13:15:33] [CSCore - PvCSCoreLogger] [DEBUG] CS: DEBUG 7: Arducam_OV9782_USB_Camera: queuing buffers (UsbCameraImpl.cpp:765)
[2024-10-25 13:15:34] [Camera - USBFrameProvider - Arducam_OV9782_USB_Camera] [ERROR] Error grabbing image: timed out getting frame
[2024-10-25 13:15:34] [Camera - USBFrameProvider - Arducam_OV9782_USB_Camera] [ERROR] Error grabbing image: timed out getting frame
[2024-10-25 13:15:34] [Camera - USBFrameProvider - Arducam_OV9782_USB_Camera] [ERROR] Error grabbing image: timed out getting frame
